{"/Users/adibwafi/Documents/Hacktiv8/Phase3/Final Project/Savvie-Server/app.js": {"path":"/Users/adibwafi/Documents/Hacktiv8/Phase3/Final Project/Savvie-Server/app.js","statementMap":{"0":{"start":{"line":1,"column":0},"end":{"line":1,"column":70}},"1":{"start":{"line":1,"column":43},"end":{"line":1,"column":70}},"2":{"start":{"line":2,"column":13},"end":{"line":2,"column":28}},"3":{"start":{"line":3,"column":16},"end":{"line":3,"column":34}},"4":{"start":{"line":4,"column":21},"end":{"line":4,"column":57}},"5":{"start":{"line":5,"column":15},"end":{"line":5,"column":34}},"6":{"start":{"line":6,"column":12},"end":{"line":6,"column":21}},"7":{"start":{"line":7,"column":13},"end":{"line":7,"column":28}},"8":{"start":{"line":8,"column":19},"end":{"line":8,"column":39}},"9":{"start":{"line":9,"column":15},"end":{"line":9,"column":37}},"10":{"start":{"line":10,"column":13},"end":{"line":10,"column":37}},"11":{"start":{"line":11,"column":11},"end":{"line":16,"column":2}},"12":{"start":{"line":18,"column":0},"end":{"line":18,"column":16}},"13":{"start":{"line":19,"column":0},"end":{"line":19,"column":24}},"14":{"start":{"line":20,"column":0},"end":{"line":20,"column":48}},"15":{"start":{"line":24,"column":0},"end":{"line":37,"column":3}},"16":{"start":{"line":25,"column":2},"end":{"line":25,"column":48}},"17":{"start":{"line":27,"column":2},"end":{"line":31,"column":5}},"18":{"start":{"line":28,"column":4},"end":{"line":28,"column":36}},"19":{"start":{"line":29,"column":4},"end":{"line":29,"column":20}},"20":{"start":{"line":30,"column":4},"end":{"line":30,"column":36}},"21":{"start":{"line":33,"column":2},"end":{"line":36,"column":5}},"22":{"start":{"line":34,"column":4},"end":{"line":34,"column":20}},"23":{"start":{"line":35,"column":4},"end":{"line":35,"column":47}},"24":{"start":{"line":39,"column":0},"end":{"line":39,"column":21}},"25":{"start":{"line":40,"column":0},"end":{"line":40,"column":22}},"26":{"start":{"line":42,"column":0},"end":{"line":42,"column":32}}},"fnMap":{"0":{"name":"(anonymous_0)","decl":{"start":{"line":24,"column":20},"end":{"line":24,"column":21}},"loc":{"start":{"line":24,"column":32},"end":{"line":37,"column":1}},"line":24},"1":{"name":"(anonymous_1)","decl":{"start":{"line":27,"column":25},"end":{"line":27,"column":26}},"loc":{"start":{"line":27,"column":33},"end":{"line":31,"column":3}},"line":27},"2":{"name":"(anonymous_2)","decl":{"start":{"line":33,"column":24},"end":{"line":33,"column":25}},"loc":{"start":{"line":33,"column":42},"end":{"line":36,"column":3}},"line":33}},"branchMap":{"0":{"loc":{"start":{"line":1,"column":0},"end":{"line":1,"column":70}},"type":"if","locations":[{"start":{"line":1,"column":0},"end":{"line":1,"column":70}},{"start":{},"end":{}}],"line":1},"1":{"loc":{"start":{"line":10,"column":13},"end":{"line":10,"column":37}},"type":"binary-expr","locations":[{"start":{"line":10,"column":13},"end":{"line":10,"column":29}},{"start":{"line":10,"column":33},"end":{"line":10,"column":37}}],"line":10}},"s":{"0":10,"1":10,"2":10,"3":10,"4":10,"5":10,"6":10,"7":10,"8":10,"9":10,"10":10,"11":10,"12":10,"13":10,"14":10,"15":10,"16":2,"17":2,"18":3,"19":3,"20":3,"21":2,"22":1,"23":1,"24":10,"25":10,"26":10},"f":{"0":2,"1":3,"2":1},"b":{"0":[10,0],"1":[10,10]},"_coverageSchema":"1a1c01bbd47fc00a2c39e90264f33305004495a9","hash":"db700d2252cd156c42f4cc60f76480d01fcb9b7f"}
,"/Users/adibwafi/Documents/Hacktiv8/Phase3/Final Project/Savvie-Server/api/xendit.js": {"path":"/Users/adibwafi/Documents/Hacktiv8/Phase3/Final Project/Savvie-Server/api/xendit.js","statementMap":{"0":{"start":{"line":1,"column":15},"end":{"line":1,"column":37}},"1":{"start":{"line":2,"column":10},"end":{"line":5,"column":2}},"2":{"start":{"line":7,"column":20},"end":{"line":7,"column":21}},"3":{"start":{"line":8,"column":16},"end":{"line":8,"column":31}},"4":{"start":{"line":11,"column":4},"end":{"line":15,"column":7}},"5":{"start":{"line":24,"column":0},"end":{"line":24,"column":31}}},"fnMap":{"0":{"name":"(anonymous_0)","decl":{"start":{"line":10,"column":2},"end":{"line":10,"column":3}},"loc":{"start":{"line":10,"column":53},"end":{"line":16,"column":3}},"line":10}},"branchMap":{},"s":{"0":10,"1":10,"2":10,"3":10,"4":1,"5":10},"f":{"0":1},"b":{},"_coverageSchema":"1a1c01bbd47fc00a2c39e90264f33305004495a9","hash":"6e4ecd1e1037309a35ba5726c2a14027892d0897"}
,"/Users/adibwafi/Documents/Hacktiv8/Phase3/Final Project/Savvie-Server/controllers/category.js": {"path":"/Users/adibwafi/Documents/Hacktiv8/Phase3/Final Project/Savvie-Server/controllers/category.js","statementMap":{"0":{"start":{"line":1,"column":42},"end":{"line":1,"column":62}},"1":{"start":{"line":5,"column":4},"end":{"line":13,"column":5}},"2":{"start":{"line":6,"column":23},"end":{"line":8,"column":8}},"3":{"start":{"line":10,"column":6},"end":{"line":10,"column":37}},"4":{"start":{"line":12,"column":6},"end":{"line":12,"column":18}},"5":{"start":{"line":17,"column":4},"end":{"line":29,"column":5}},"6":{"start":{"line":18,"column":21},"end":{"line":18,"column":31}},"7":{"start":{"line":19,"column":23},"end":{"line":22,"column":8}},"8":{"start":{"line":24,"column":6},"end":{"line":24,"column":70}},"9":{"start":{"line":24,"column":21},"end":{"line":24,"column":70}},"10":{"start":{"line":26,"column":6},"end":{"line":26,"column":37}},"11":{"start":{"line":28,"column":6},"end":{"line":28,"column":18}},"12":{"start":{"line":33,"column":0},"end":{"line":33,"column":28}}},"fnMap":{"0":{"name":"(anonymous_0)","decl":{"start":{"line":4,"column":2},"end":{"line":4,"column":3}},"loc":{"start":{"line":4,"column":43},"end":{"line":14,"column":3}},"line":4},"1":{"name":"(anonymous_1)","decl":{"start":{"line":16,"column":2},"end":{"line":16,"column":3}},"loc":{"start":{"line":16,"column":47},"end":{"line":30,"column":3}},"line":16}},"branchMap":{"0":{"loc":{"start":{"line":24,"column":6},"end":{"line":24,"column":70}},"type":"if","locations":[{"start":{"line":24,"column":6},"end":{"line":24,"column":70}},{"start":{},"end":{}}],"line":24}},"s":{"0":10,"1":1,"2":1,"3":1,"4":0,"5":2,"6":2,"7":2,"8":2,"9":1,"10":1,"11":1,"12":10},"f":{"0":1,"1":2},"b":{"0":[1,1]},"_coverageSchema":"1a1c01bbd47fc00a2c39e90264f33305004495a9","hash":"6001b1e8f3c0cb9a0804ec553c83032bfc441350"}
,"/Users/adibwafi/Documents/Hacktiv8/Phase3/Final Project/Savvie-Server/controllers/checkout.js": {"path":"/Users/adibwafi/Documents/Hacktiv8/Phase3/Final Project/Savvie-Server/controllers/checkout.js","statementMap":{"0":{"start":{"line":8,"column":4},"end":{"line":8,"column":24}},"1":{"start":{"line":12,"column":14},"end":{"line":12,"column":43}},"2":{"start":{"line":13,"column":4},"end":{"line":79,"column":5}},"3":{"start":{"line":16,"column":44},"end":{"line":16,"column":52}},"4":{"start":{"line":17,"column":6},"end":{"line":39,"column":7}},"5":{"start":{"line":18,"column":8},"end":{"line":27,"column":10}},"6":{"start":{"line":29,"column":8},"end":{"line":38,"column":10}},"7":{"start":{"line":40,"column":25},"end":{"line":48,"column":8}},"8":{"start":{"line":41,"column":8},"end":{"line":47,"column":10}},"9":{"start":{"line":49,"column":6},"end":{"line":49,"column":65}},"10":{"start":{"line":50,"column":23},"end":{"line":53,"column":8}},"11":{"start":{"line":54,"column":6},"end":{"line":54,"column":67}},"12":{"start":{"line":54,"column":36},"end":{"line":54,"column":67}},"13":{"start":{"line":55,"column":6},"end":{"line":58,"column":8}},"14":{"start":{"line":59,"column":6},"end":{"line":62,"column":7}},"15":{"start":{"line":59,"column":19},"end":{"line":59,"column":20}},"16":{"start":{"line":60,"column":21},"end":{"line":60,"column":57}},"17":{"start":{"line":61,"column":8},"end":{"line":61,"column":75}},"18":{"start":{"line":61,"column":44},"end":{"line":61,"column":75}},"19":{"start":{"line":63,"column":6},"end":{"line":72,"column":9}},"20":{"start":{"line":64,"column":8},"end":{"line":67,"column":11}},"21":{"start":{"line":68,"column":8},"end":{"line":71,"column":11}},"22":{"start":{"line":74,"column":6},"end":{"line":74,"column":23}},"23":{"start":{"line":75,"column":6},"end":{"line":75,"column":59}},"24":{"start":{"line":77,"column":6},"end":{"line":77,"column":25}},"25":{"start":{"line":78,"column":6},"end":{"line":78,"column":18}},"26":{"start":{"line":82,"column":4},"end":{"line":95,"column":5}},"27":{"start":{"line":83,"column":19},"end":{"line":91,"column":8}},"28":{"start":{"line":92,"column":6},"end":{"line":92,"column":33}},"29":{"start":{"line":94,"column":6},"end":{"line":94,"column":18}},"30":{"start":{"line":98,"column":0},"end":{"line":98,"column":28}}},"fnMap":{"0":{"name":"(anonymous_0)","decl":{"start":{"line":11,"column":2},"end":{"line":11,"column":3}},"loc":{"start":{"line":11,"column":46},"end":{"line":80,"column":3}},"line":11},"1":{"name":"(anonymous_1)","decl":{"start":{"line":40,"column":35},"end":{"line":40,"column":36}},"loc":{"start":{"line":40,"column":42},"end":{"line":48,"column":7}},"line":40},"2":{"name":"(anonymous_2)","decl":{"start":{"line":63,"column":20},"end":{"line":63,"column":21}},"loc":{"start":{"line":63,"column":34},"end":{"line":72,"column":7}},"line":63},"3":{"name":"(anonymous_3)","decl":{"start":{"line":81,"column":2},"end":{"line":81,"column":3}},"loc":{"start":{"line":81,"column":40},"end":{"line":96,"column":3}},"line":81}},"branchMap":{"0":{"loc":{"start":{"line":17,"column":6},"end":{"line":39,"column":7}},"type":"if","locations":[{"start":{"line":17,"column":6},"end":{"line":39,"column":7}},{"start":{"line":28,"column":13},"end":{"line":39,"column":7}}],"line":17},"1":{"loc":{"start":{"line":54,"column":6},"end":{"line":54,"column":67}},"type":"if","locations":[{"start":{"line":54,"column":6},"end":{"line":54,"column":67}},{"start":{},"end":{}}],"line":54},"2":{"loc":{"start":{"line":61,"column":8},"end":{"line":61,"column":75}},"type":"if","locations":[{"start":{"line":61,"column":8},"end":{"line":61,"column":75}},{"start":{},"end":{}}],"line":61}},"s":{"0":10,"1":2,"2":2,"3":2,"4":2,"5":0,"6":2,"7":2,"8":4,"9":2,"10":2,"11":2,"12":1,"13":1,"14":1,"15":1,"16":2,"17":2,"18":0,"19":1,"20":2,"21":2,"22":1,"23":1,"24":1,"25":1,"26":1,"27":1,"28":1,"29":0,"30":10},"f":{"0":2,"1":4,"2":2,"3":1},"b":{"0":[0,2],"1":[1,1],"2":[0,2]},"_coverageSchema":"1a1c01bbd47fc00a2c39e90264f33305004495a9","hash":"784e785a318d6bfc5e788b1fab7b00417eac3c74"}
,"/Users/adibwafi/Documents/Hacktiv8/Phase3/Final Project/Savvie-Server/controllers/favourite.js": {"path":"/Users/adibwafi/Documents/Hacktiv8/Phase3/Final Project/Savvie-Server/controllers/favourite.js","statementMap":{"0":{"start":{"line":1,"column":34},"end":{"line":1,"column":54}},"1":{"start":{"line":5,"column":4},"end":{"line":17,"column":5}},"2":{"start":{"line":6,"column":24},"end":{"line":12,"column":8}},"3":{"start":{"line":14,"column":6},"end":{"line":14,"column":38}},"4":{"start":{"line":16,"column":6},"end":{"line":16,"column":18}},"5":{"start":{"line":21,"column":27},"end":{"line":21,"column":37}},"6":{"start":{"line":22,"column":27},"end":{"line":22,"column":35}},"7":{"start":{"line":23,"column":4},"end":{"line":33,"column":5}},"8":{"start":{"line":24,"column":6},"end":{"line":27,"column":9}},"9":{"start":{"line":28,"column":6},"end":{"line":30,"column":9}},"10":{"start":{"line":32,"column":6},"end":{"line":32,"column":18}},"11":{"start":{"line":37,"column":4},"end":{"line":50,"column":5}},"12":{"start":{"line":38,"column":21},"end":{"line":38,"column":31}},"13":{"start":{"line":39,"column":24},"end":{"line":41,"column":8}},"14":{"start":{"line":45,"column":6},"end":{"line":47,"column":9}},"15":{"start":{"line":49,"column":6},"end":{"line":49,"column":18}},"16":{"start":{"line":54,"column":0},"end":{"line":54,"column":28}}},"fnMap":{"0":{"name":"(anonymous_0)","decl":{"start":{"line":4,"column":2},"end":{"line":4,"column":3}},"loc":{"start":{"line":4,"column":44},"end":{"line":18,"column":3}},"line":4},"1":{"name":"(anonymous_1)","decl":{"start":{"line":20,"column":2},"end":{"line":20,"column":3}},"loc":{"start":{"line":20,"column":47},"end":{"line":34,"column":3}},"line":20},"2":{"name":"(anonymous_2)","decl":{"start":{"line":36,"column":2},"end":{"line":36,"column":3}},"loc":{"start":{"line":36,"column":47},"end":{"line":51,"column":3}},"line":36}},"branchMap":{},"s":{"0":10,"1":1,"2":1,"3":1,"4":0,"5":1,"6":1,"7":1,"8":1,"9":1,"10":0,"11":1,"12":1,"13":1,"14":1,"15":0,"16":10},"f":{"0":1,"1":1,"2":1},"b":{},"_coverageSchema":"1a1c01bbd47fc00a2c39e90264f33305004495a9","hash":"3fb9cf01142917866f2d687d8179cdf90a294811"}
,"/Users/adibwafi/Documents/Hacktiv8/Phase3/Final Project/Savvie-Server/controllers/food.js": {"path":"/Users/adibwafi/Documents/Hacktiv8/Phase3/Final Project/Savvie-Server/controllers/food.js","statementMap":{"0":{"start":{"line":1,"column":39},"end":{"line":1,"column":59}},"1":{"start":{"line":5,"column":4},"end":{"line":18,"column":5}},"2":{"start":{"line":6,"column":19},"end":{"line":13,"column":8}},"3":{"start":{"line":15,"column":6},"end":{"line":15,"column":33}},"4":{"start":{"line":17,"column":6},"end":{"line":17,"column":18}},"5":{"start":{"line":22,"column":4},"end":{"line":34,"column":5}},"6":{"start":{"line":23,"column":21},"end":{"line":23,"column":31}},"7":{"start":{"line":24,"column":19},"end":{"line":27,"column":8}},"8":{"start":{"line":29,"column":6},"end":{"line":29,"column":66}},"9":{"start":{"line":29,"column":17},"end":{"line":29,"column":66}},"10":{"start":{"line":31,"column":6},"end":{"line":31,"column":33}},"11":{"start":{"line":33,"column":6},"end":{"line":33,"column":18}},"12":{"start":{"line":38,"column":0},"end":{"line":38,"column":28}}},"fnMap":{"0":{"name":"(anonymous_0)","decl":{"start":{"line":4,"column":2},"end":{"line":4,"column":3}},"loc":{"start":{"line":4,"column":39},"end":{"line":19,"column":3}},"line":4},"1":{"name":"(anonymous_1)","decl":{"start":{"line":21,"column":2},"end":{"line":21,"column":3}},"loc":{"start":{"line":21,"column":43},"end":{"line":35,"column":3}},"line":21}},"branchMap":{"0":{"loc":{"start":{"line":29,"column":6},"end":{"line":29,"column":66}},"type":"if","locations":[{"start":{"line":29,"column":6},"end":{"line":29,"column":66}},{"start":{},"end":{}}],"line":29}},"s":{"0":10,"1":1,"2":1,"3":1,"4":0,"5":2,"6":2,"7":2,"8":2,"9":1,"10":1,"11":1,"12":10},"f":{"0":1,"1":2},"b":{"0":[1,1]},"_coverageSchema":"1a1c01bbd47fc00a2c39e90264f33305004495a9","hash":"90a468d359a5221f9a37daff9ff57049e9f89165"}
,"/Users/adibwafi/Documents/Hacktiv8/Phase3/Final Project/Savvie-Server/controllers/midtrans.js": {"path":"/Users/adibwafi/Documents/Hacktiv8/Phase3/Final Project/Savvie-Server/controllers/midtrans.js","statementMap":{"0":{"start":{"line":1,"column":23},"end":{"line":1,"column":49}},"1":{"start":{"line":2,"column":37},"end":{"line":2,"column":57}},"2":{"start":{"line":8,"column":15},"end":{"line":12,"column":6}},"3":{"start":{"line":14,"column":17},"end":{"line":14,"column":36}},"4":{"start":{"line":16,"column":20},"end":{"line":27,"column":5}},"5":{"start":{"line":29,"column":4},"end":{"line":38,"column":11}},"6":{"start":{"line":33,"column":31},"end":{"line":33,"column":48}},"7":{"start":{"line":34,"column":8},"end":{"line":34,"column":69}},"8":{"start":{"line":37,"column":8},"end":{"line":37,"column":20}},"9":{"start":{"line":42,"column":0},"end":{"line":42,"column":27}}},"fnMap":{"0":{"name":"(anonymous_0)","decl":{"start":{"line":5,"column":4},"end":{"line":5,"column":5}},"loc":{"start":{"line":5,"column":39},"end":{"line":39,"column":5}},"line":5},"1":{"name":"(anonymous_1)","decl":{"start":{"line":31,"column":14},"end":{"line":31,"column":15}},"loc":{"start":{"line":31,"column":31},"end":{"line":35,"column":9}},"line":31},"2":{"name":"(anonymous_2)","decl":{"start":{"line":36,"column":15},"end":{"line":36,"column":16}},"loc":{"start":{"line":36,"column":26},"end":{"line":38,"column":9}},"line":36}},"branchMap":{},"s":{"0":10,"1":10,"2":1,"3":1,"4":1,"5":1,"6":1,"7":1,"8":0,"9":10},"f":{"0":1,"1":1,"2":0},"b":{},"_coverageSchema":"1a1c01bbd47fc00a2c39e90264f33305004495a9","hash":"b2c14c1c7d12e70cd4ee65bb4b053468bfc147c9"}
,"/Users/adibwafi/Documents/Hacktiv8/Phase3/Final Project/Savvie-Server/controllers/restaurant.js": {"path":"/Users/adibwafi/Documents/Hacktiv8/Phase3/Final Project/Savvie-Server/controllers/restaurant.js","statementMap":{"0":{"start":{"line":7,"column":4},"end":{"line":7,"column":24}},"1":{"start":{"line":11,"column":4},"end":{"line":23,"column":5}},"2":{"start":{"line":12,"column":25},"end":{"line":18,"column":8}},"3":{"start":{"line":20,"column":6},"end":{"line":20,"column":39}},"4":{"start":{"line":22,"column":6},"end":{"line":22,"column":18}},"5":{"start":{"line":27,"column":4},"end":{"line":43,"column":5}},"6":{"start":{"line":28,"column":21},"end":{"line":28,"column":31}},"7":{"start":{"line":29,"column":25},"end":{"line":36,"column":8}},"8":{"start":{"line":38,"column":6},"end":{"line":38,"column":72}},"9":{"start":{"line":38,"column":23},"end":{"line":38,"column":72}},"10":{"start":{"line":40,"column":6},"end":{"line":40,"column":39}},"11":{"start":{"line":42,"column":6},"end":{"line":42,"column":18}},"12":{"start":{"line":47,"column":4},"end":{"line":80,"column":5}},"13":{"start":{"line":48,"column":23},"end":{"line":48,"column":49}},"14":{"start":{"line":49,"column":18},"end":{"line":49,"column":46}},"15":{"start":{"line":50,"column":19},"end":{"line":50,"column":49}},"16":{"start":{"line":51,"column":21},"end":{"line":75,"column":7}},"17":{"start":{"line":76,"column":6},"end":{"line":76,"column":35}},"18":{"start":{"line":78,"column":6},"end":{"line":78,"column":25}},"19":{"start":{"line":79,"column":6},"end":{"line":79,"column":34}},"20":{"start":{"line":84,"column":0},"end":{"line":84,"column":28}}},"fnMap":{"0":{"name":"(anonymous_0)","decl":{"start":{"line":10,"column":2},"end":{"line":10,"column":3}},"loc":{"start":{"line":10,"column":45},"end":{"line":24,"column":3}},"line":10},"1":{"name":"(anonymous_1)","decl":{"start":{"line":26,"column":2},"end":{"line":26,"column":3}},"loc":{"start":{"line":26,"column":49},"end":{"line":44,"column":3}},"line":26},"2":{"name":"(anonymous_2)","decl":{"start":{"line":46,"column":2},"end":{"line":46,"column":3}},"loc":{"start":{"line":46,"column":47},"end":{"line":81,"column":3}},"line":46}},"branchMap":{"0":{"loc":{"start":{"line":38,"column":6},"end":{"line":38,"column":72}},"type":"if","locations":[{"start":{"line":38,"column":6},"end":{"line":38,"column":72}},{"start":{},"end":{}}],"line":38},"1":{"loc":{"start":{"line":48,"column":23},"end":{"line":48,"column":49}},"type":"binary-expr","locations":[{"start":{"line":48,"column":23},"end":{"line":48,"column":41}},{"start":{"line":48,"column":45},"end":{"line":48,"column":49}}],"line":48},"2":{"loc":{"start":{"line":49,"column":18},"end":{"line":49,"column":46}},"type":"binary-expr","locations":[{"start":{"line":49,"column":18},"end":{"line":49,"column":31}},{"start":{"line":49,"column":35},"end":{"line":49,"column":46}}],"line":49},"3":{"loc":{"start":{"line":50,"column":19},"end":{"line":50,"column":49}},"type":"binary-expr","locations":[{"start":{"line":50,"column":19},"end":{"line":50,"column":33}},{"start":{"line":50,"column":37},"end":{"line":50,"column":49}}],"line":50}},"s":{"0":10,"1":1,"2":1,"3":1,"4":0,"5":2,"6":2,"7":2,"8":2,"9":1,"10":1,"11":1,"12":1,"13":1,"14":1,"15":1,"16":1,"17":1,"18":0,"19":0,"20":10},"f":{"0":1,"1":2,"2":1},"b":{"0":[1,1],"1":[1,1],"2":[1,1],"3":[1,1]},"_coverageSchema":"1a1c01bbd47fc00a2c39e90264f33305004495a9","hash":"3acd73f70ab31d6868165a7c6169fb6c7e9879b5"}
,"/Users/adibwafi/Documents/Hacktiv8/Phase3/Final Project/Savvie-Server/controllers/resto.js": {"path":"/Users/adibwafi/Documents/Hacktiv8/Phase3/Final Project/Savvie-Server/controllers/resto.js","statementMap":{"0":{"start":{"line":1,"column":15},"end":{"line":1,"column":35}},"1":{"start":{"line":9,"column":4},"end":{"line":9,"column":24}},"2":{"start":{"line":13,"column":4},"end":{"line":23,"column":5}},"3":{"start":{"line":14,"column":19},"end":{"line":19,"column":8}},"4":{"start":{"line":20,"column":6},"end":{"line":20,"column":33}},"5":{"start":{"line":22,"column":6},"end":{"line":22,"column":18}},"6":{"start":{"line":26,"column":4},"end":{"line":52,"column":5}},"7":{"start":{"line":27,"column":21},"end":{"line":27,"column":31}},"8":{"start":{"line":28,"column":19},"end":{"line":47,"column":8}},"9":{"start":{"line":49,"column":6},"end":{"line":49,"column":33}},"10":{"start":{"line":51,"column":6},"end":{"line":51,"column":18}},"11":{"start":{"line":55,"column":4},"end":{"line":136,"column":5}},"12":{"start":{"line":56,"column":21},"end":{"line":56,"column":31}},"13":{"start":{"line":57,"column":19},"end":{"line":76,"column":8}},"14":{"start":{"line":78,"column":17},"end":{"line":78,"column":31}},"15":{"start":{"line":79,"column":17},"end":{"line":79,"column":36}},"16":{"start":{"line":80,"column":8},"end":{"line":82,"column":9}},"17":{"start":{"line":81,"column":10},"end":{"line":81,"column":24}},"18":{"start":{"line":83,"column":8},"end":{"line":85,"column":9}},"19":{"start":{"line":84,"column":10},"end":{"line":84,"column":24}},"20":{"start":{"line":86,"column":8},"end":{"line":86,"column":29}},"21":{"start":{"line":87,"column":8},"end":{"line":87,"column":20}},"22":{"start":{"line":89,"column":19},"end":{"line":89,"column":21}},"23":{"start":{"line":90,"column":6},"end":{"line":94,"column":7}},"24":{"start":{"line":90,"column":19},"end":{"line":90,"column":20}},"25":{"start":{"line":91,"column":16},"end":{"line":91,"column":26}},"26":{"start":{"line":92,"column":8},"end":{"line":92,"column":35}},"27":{"start":{"line":93,"column":8},"end":{"line":93,"column":72}},"28":{"start":{"line":95,"column":28},"end":{"line":95,"column":30}},"29":{"start":{"line":96,"column":24},"end":{"line":96,"column":26}},"30":{"start":{"line":97,"column":18},"end":{"line":97,"column":20}},"31":{"start":{"line":98,"column":20},"end":{"line":98,"column":22}},"32":{"start":{"line":99,"column":6},"end":{"line":106,"column":9}},"33":{"start":{"line":100,"column":8},"end":{"line":105,"column":11}},"34":{"start":{"line":101,"column":10},"end":{"line":101,"column":41}},"35":{"start":{"line":102,"column":10},"end":{"line":104,"column":12}},"36":{"start":{"line":109,"column":6},"end":{"line":115,"column":9}},"37":{"start":{"line":110,"column":8},"end":{"line":114,"column":9}},"38":{"start":{"line":111,"column":10},"end":{"line":111,"column":47}},"39":{"start":{"line":113,"column":10},"end":{"line":113,"column":47}},"40":{"start":{"line":116,"column":6},"end":{"line":116,"column":22}},"41":{"start":{"line":117,"column":6},"end":{"line":131,"column":7}},"42":{"start":{"line":118,"column":8},"end":{"line":130,"column":11}},"43":{"start":{"line":119,"column":10},"end":{"line":119,"column":32}},"44":{"start":{"line":120,"column":10},"end":{"line":129,"column":11}},"45":{"start":{"line":122,"column":12},"end":{"line":128,"column":13}},"46":{"start":{"line":124,"column":14},"end":{"line":124,"column":34}},"47":{"start":{"line":126,"column":14},"end":{"line":126,"column":51}},"48":{"start":{"line":127,"column":14},"end":{"line":127,"column":35}},"49":{"start":{"line":132,"column":6},"end":{"line":132,"column":24}},"50":{"start":{"line":133,"column":6},"end":{"line":133,"column":34}},"51":{"start":{"line":135,"column":6},"end":{"line":135,"column":18}},"52":{"start":{"line":139,"column":4},"end":{"line":145,"column":5}},"53":{"start":{"line":140,"column":19},"end":{"line":140,"column":53}},"54":{"start":{"line":142,"column":6},"end":{"line":142,"column":33}},"55":{"start":{"line":144,"column":6},"end":{"line":144,"column":18}},"56":{"start":{"line":148,"column":4},"end":{"line":175,"column":5}},"57":{"start":{"line":157,"column":10},"end":{"line":157,"column":18}},"58":{"start":{"line":158,"column":19},"end":{"line":171,"column":8}},"59":{"start":{"line":172,"column":6},"end":{"line":172,"column":33}},"60":{"start":{"line":174,"column":6},"end":{"line":174,"column":18}},"61":{"start":{"line":178,"column":4},"end":{"line":187,"column":5}},"62":{"start":{"line":179,"column":23},"end":{"line":179,"column":57}},"63":{"start":{"line":181,"column":6},"end":{"line":181,"column":59}},"64":{"start":{"line":182,"column":6},"end":{"line":184,"column":78}},"65":{"start":{"line":186,"column":6},"end":{"line":186,"column":18}},"66":{"start":{"line":190,"column":4},"end":{"line":222,"column":5}},"67":{"start":{"line":191,"column":23},"end":{"line":191,"column":57}},"68":{"start":{"line":202,"column":10},"end":{"line":202,"column":18}},"69":{"start":{"line":203,"column":6},"end":{"line":216,"column":8}},"70":{"start":{"line":217,"column":6},"end":{"line":219,"column":75}},"71":{"start":{"line":221,"column":6},"end":{"line":221,"column":18}},"72":{"start":{"line":225,"column":4},"end":{"line":233,"column":5}},"73":{"start":{"line":226,"column":23},"end":{"line":226,"column":57}},"74":{"start":{"line":228,"column":25},"end":{"line":228,"column":33}},"75":{"start":{"line":229,"column":6},"end":{"line":229,"column":70}},"76":{"start":{"line":230,"column":6},"end":{"line":230,"column":65}},"77":{"start":{"line":232,"column":6},"end":{"line":232,"column":18}},"78":{"start":{"line":236,"column":4},"end":{"line":244,"column":5}},"79":{"start":{"line":237,"column":23},"end":{"line":237,"column":57}},"80":{"start":{"line":239,"column":28},"end":{"line":239,"column":36}},"81":{"start":{"line":240,"column":6},"end":{"line":240,"column":73}},"82":{"start":{"line":241,"column":6},"end":{"line":241,"column":65}},"83":{"start":{"line":243,"column":6},"end":{"line":243,"column":18}},"84":{"start":{"line":248,"column":4},"end":{"line":253,"column":5}},"85":{"start":{"line":249,"column":19},"end":{"line":249,"column":79}},"86":{"start":{"line":250,"column":6},"end":{"line":250,"column":33}},"87":{"start":{"line":252,"column":6},"end":{"line":252,"column":18}},"88":{"start":{"line":256,"column":4},"end":{"line":298,"column":5}},"89":{"start":{"line":257,"column":21},"end":{"line":257,"column":29}},"90":{"start":{"line":268,"column":10},"end":{"line":268,"column":18}},"91":{"start":{"line":269,"column":25},"end":{"line":288,"column":8}},"92":{"start":{"line":292,"column":6},"end":{"line":295,"column":9}},"93":{"start":{"line":297,"column":6},"end":{"line":297,"column":18}},"94":{"start":{"line":301,"column":4},"end":{"line":338,"column":5}},"95":{"start":{"line":315,"column":10},"end":{"line":315,"column":18}},"96":{"start":{"line":316,"column":6},"end":{"line":332,"column":8}},"97":{"start":{"line":333,"column":6},"end":{"line":335,"column":79}},"98":{"start":{"line":337,"column":6},"end":{"line":337,"column":18}},"99":{"start":{"line":341,"column":4},"end":{"line":348,"column":5}},"100":{"start":{"line":342,"column":6},"end":{"line":342,"column":67}},"101":{"start":{"line":343,"column":6},"end":{"line":345,"column":9}},"102":{"start":{"line":347,"column":6},"end":{"line":347,"column":18}},"103":{"start":{"line":352,"column":4},"end":{"line":375,"column":5}},"104":{"start":{"line":353,"column":17},"end":{"line":371,"column":8}},"105":{"start":{"line":372,"column":6},"end":{"line":372,"column":33}},"106":{"start":{"line":374,"column":6},"end":{"line":374,"column":18}},"107":{"start":{"line":378,"column":4},"end":{"line":410,"column":5}},"108":{"start":{"line":379,"column":17},"end":{"line":397,"column":8}},"109":{"start":{"line":398,"column":18},"end":{"line":398,"column":20}},"110":{"start":{"line":399,"column":6},"end":{"line":405,"column":8}},"111":{"start":{"line":400,"column":8},"end":{"line":404,"column":9}},"112":{"start":{"line":401,"column":10},"end":{"line":403,"column":12}},"113":{"start":{"line":402,"column":12},"end":{"line":402,"column":33}},"114":{"start":{"line":406,"column":18},"end":{"line":406,"column":61}},"115":{"start":{"line":407,"column":6},"end":{"line":407,"column":43}},"116":{"start":{"line":409,"column":6},"end":{"line":409,"column":18}},"117":{"start":{"line":413,"column":0},"end":{"line":413,"column":28}}},"fnMap":{"0":{"name":"(anonymous_0)","decl":{"start":{"line":12,"column":2},"end":{"line":12,"column":3}},"loc":{"start":{"line":12,"column":40},"end":{"line":24,"column":3}},"line":12},"1":{"name":"(anonymous_1)","decl":{"start":{"line":25,"column":2},"end":{"line":25,"column":3}},"loc":{"start":{"line":25,"column":42},"end":{"line":53,"column":3}},"line":25},"2":{"name":"(anonymous_2)","decl":{"start":{"line":54,"column":2},"end":{"line":54,"column":3}},"loc":{"start":{"line":54,"column":46},"end":{"line":137,"column":3}},"line":54},"3":{"name":"formatDate","decl":{"start":{"line":77,"column":15},"end":{"line":77,"column":25}},"loc":{"start":{"line":77,"column":32},"end":{"line":88,"column":7}},"line":77},"4":{"name":"(anonymous_4)","decl":{"start":{"line":99,"column":15},"end":{"line":99,"column":16}},"loc":{"start":{"line":99,"column":22},"end":{"line":106,"column":7}},"line":99},"5":{"name":"(anonymous_5)","decl":{"start":{"line":100,"column":25},"end":{"line":100,"column":26}},"loc":{"start":{"line":100,"column":32},"end":{"line":105,"column":9}},"line":100},"6":{"name":"(anonymous_6)","decl":{"start":{"line":109,"column":24},"end":{"line":109,"column":25}},"loc":{"start":{"line":109,"column":44},"end":{"line":115,"column":7}},"line":109},"7":{"name":"(anonymous_7)","decl":{"start":{"line":118,"column":23},"end":{"line":118,"column":24}},"loc":{"start":{"line":118,"column":33},"end":{"line":130,"column":9}},"line":118},"8":{"name":"(anonymous_8)","decl":{"start":{"line":138,"column":2},"end":{"line":138,"column":3}},"loc":{"start":{"line":138,"column":42},"end":{"line":146,"column":3}},"line":138},"9":{"name":"(anonymous_9)","decl":{"start":{"line":147,"column":2},"end":{"line":147,"column":3}},"loc":{"start":{"line":147,"column":39},"end":{"line":176,"column":3}},"line":147},"10":{"name":"(anonymous_10)","decl":{"start":{"line":177,"column":2},"end":{"line":177,"column":3}},"loc":{"start":{"line":177,"column":42},"end":{"line":188,"column":3}},"line":177},"11":{"name":"(anonymous_11)","decl":{"start":{"line":189,"column":2},"end":{"line":189,"column":3}},"loc":{"start":{"line":189,"column":40},"end":{"line":223,"column":3}},"line":189},"12":{"name":"(anonymous_12)","decl":{"start":{"line":224,"column":2},"end":{"line":224,"column":3}},"loc":{"start":{"line":224,"column":42},"end":{"line":234,"column":3}},"line":224},"13":{"name":"(anonymous_13)","decl":{"start":{"line":235,"column":2},"end":{"line":235,"column":3}},"loc":{"start":{"line":235,"column":42},"end":{"line":245,"column":3}},"line":235},"14":{"name":"(anonymous_14)","decl":{"start":{"line":247,"column":2},"end":{"line":247,"column":3}},"loc":{"start":{"line":247,"column":44},"end":{"line":254,"column":3}},"line":247},"15":{"name":"(anonymous_15)","decl":{"start":{"line":255,"column":2},"end":{"line":255,"column":3}},"loc":{"start":{"line":255,"column":48},"end":{"line":299,"column":3}},"line":255},"16":{"name":"(anonymous_16)","decl":{"start":{"line":300,"column":2},"end":{"line":300,"column":3}},"loc":{"start":{"line":300,"column":46},"end":{"line":339,"column":3}},"line":300},"17":{"name":"(anonymous_17)","decl":{"start":{"line":340,"column":2},"end":{"line":340,"column":3}},"loc":{"start":{"line":340,"column":48},"end":{"line":349,"column":3}},"line":340},"18":{"name":"(anonymous_18)","decl":{"start":{"line":351,"column":2},"end":{"line":351,"column":3}},"loc":{"start":{"line":351,"column":40},"end":{"line":376,"column":3}},"line":351},"19":{"name":"(anonymous_19)","decl":{"start":{"line":377,"column":2},"end":{"line":377,"column":3}},"loc":{"start":{"line":377,"column":47},"end":{"line":411,"column":3}},"line":377},"20":{"name":"(anonymous_20)","decl":{"start":{"line":399,"column":24},"end":{"line":399,"column":25}},"loc":{"start":{"line":399,"column":29},"end":{"line":405,"column":7}},"line":399},"21":{"name":"(anonymous_21)","decl":{"start":{"line":401,"column":27},"end":{"line":401,"column":28}},"loc":{"start":{"line":401,"column":32},"end":{"line":403,"column":11}},"line":401}},"branchMap":{"0":{"loc":{"start":{"line":80,"column":8},"end":{"line":82,"column":9}},"type":"if","locations":[{"start":{"line":80,"column":8},"end":{"line":82,"column":9}},{"start":{},"end":{}}],"line":80},"1":{"loc":{"start":{"line":83,"column":8},"end":{"line":85,"column":9}},"type":"if","locations":[{"start":{"line":83,"column":8},"end":{"line":85,"column":9}},{"start":{},"end":{}}],"line":83},"2":{"loc":{"start":{"line":110,"column":8},"end":{"line":114,"column":9}},"type":"if","locations":[{"start":{"line":110,"column":8},"end":{"line":114,"column":9}},{"start":{"line":112,"column":13},"end":{"line":114,"column":9}}],"line":110},"3":{"loc":{"start":{"line":120,"column":10},"end":{"line":129,"column":11}},"type":"if","locations":[{"start":{"line":120,"column":10},"end":{"line":129,"column":11}},{"start":{},"end":{}}],"line":120},"4":{"loc":{"start":{"line":122,"column":12},"end":{"line":128,"column":13}},"type":"if","locations":[{"start":{"line":122,"column":12},"end":{"line":128,"column":13}},{"start":{"line":125,"column":19},"end":{"line":128,"column":13}}],"line":122},"5":{"loc":{"start":{"line":154,"column":8},"end":{"line":154,"column":20}},"type":"default-arg","locations":[{"start":{"line":154,"column":19},"end":{"line":154,"column":20}}],"line":154},"6":{"loc":{"start":{"line":400,"column":8},"end":{"line":404,"column":9}},"type":"if","locations":[{"start":{"line":400,"column":8},"end":{"line":404,"column":9}},{"start":{},"end":{}}],"line":400}},"s":{"0":10,"1":10,"2":1,"3":1,"4":1,"5":0,"6":1,"7":1,"8":1,"9":1,"10":0,"11":1,"12":1,"13":1,"14":0,"15":0,"16":0,"17":0,"18":0,"19":0,"20":0,"21":0,"22":1,"23":1,"24":1,"25":9,"26":9,"27":9,"28":1,"29":1,"30":1,"31":1,"32":1,"33":13,"34":14,"35":14,"36":1,"37":14,"38":9,"39":5,"40":1,"41":1,"42":9,"43":81,"44":81,"45":9,"46":9,"47":0,"48":0,"49":1,"50":1,"51":0,"52":1,"53":1,"54":1,"55":0,"56":8,"57":8,"58":8,"59":1,"60":7,"61":1,"62":1,"63":1,"64":1,"65":0,"66":1,"67":1,"68":1,"69":1,"70":1,"71":0,"72":1,"73":1,"74":1,"75":1,"76":1,"77":0,"78":1,"79":1,"80":1,"81":1,"82":1,"83":0,"84":1,"85":1,"86":1,"87":0,"88":9,"89":9,"90":9,"91":9,"92":1,"93":8,"94":1,"95":1,"96":1,"97":1,"98":0,"99":1,"100":1,"101":1,"102":0,"103":1,"104":1,"105":1,"106":0,"107":1,"108":1,"109":1,"110":1,"111":13,"112":13,"113":53,"114":1,"115":1,"116":0,"117":10},"f":{"0":1,"1":1,"2":1,"3":0,"4":13,"5":14,"6":14,"7":81,"8":1,"9":8,"10":1,"11":1,"12":1,"13":1,"14":1,"15":9,"16":1,"17":1,"18":1,"19":1,"20":13,"21":53},"b":{"0":[0,0],"1":[0,0],"2":[9,5],"3":[9,72],"4":[9,0],"5":[0],"6":[13,0]},"_coverageSchema":"1a1c01bbd47fc00a2c39e90264f33305004495a9","hash":"e2bfc184d07ce88bdf837d55210cb98fce3e15e2"}
,"/Users/adibwafi/Documents/Hacktiv8/Phase3/Final Project/Savvie-Server/controllers/search.js": {"path":"/Users/adibwafi/Documents/Hacktiv8/Phase3/Final Project/Savvie-Server/controllers/search.js","statementMap":{"0":{"start":{"line":1,"column":15},"end":{"line":1,"column":35}},"1":{"start":{"line":2,"column":27},"end":{"line":2,"column":47}},"2":{"start":{"line":6,"column":4},"end":{"line":40,"column":5}},"3":{"start":{"line":7,"column":21},"end":{"line":7,"column":30}},"4":{"start":{"line":8,"column":17},"end":{"line":8,"column":19}},"5":{"start":{"line":9,"column":6},"end":{"line":11,"column":7}},"6":{"start":{"line":10,"column":8},"end":{"line":10,"column":58}},"7":{"start":{"line":12,"column":19},"end":{"line":17,"column":8}},"8":{"start":{"line":18,"column":23},"end":{"line":24,"column":8}},"9":{"start":{"line":25,"column":6},"end":{"line":29,"column":7}},"10":{"start":{"line":26,"column":8},"end":{"line":28,"column":10}},"11":{"start":{"line":30,"column":17},"end":{"line":30,"column":41}},"12":{"start":{"line":31,"column":19},"end":{"line":31,"column":28}},"13":{"start":{"line":32,"column":26},"end":{"line":36,"column":8}},"14":{"start":{"line":33,"column":26},"end":{"line":33,"column":41}},"15":{"start":{"line":34,"column":8},"end":{"line":34,"column":24}},"16":{"start":{"line":35,"column":8},"end":{"line":35,"column":26}},"17":{"start":{"line":37,"column":6},"end":{"line":37,"column":39}},"18":{"start":{"line":39,"column":6},"end":{"line":39,"column":17}},"19":{"start":{"line":44,"column":0},"end":{"line":44,"column":27}}},"fnMap":{"0":{"name":"(anonymous_0)","decl":{"start":{"line":5,"column":2},"end":{"line":5,"column":3}},"loc":{"start":{"line":5,"column":37},"end":{"line":41,"column":3}},"line":5},"1":{"name":"(anonymous_1)","decl":{"start":{"line":32,"column":38},"end":{"line":32,"column":39}},"loc":{"start":{"line":32,"column":44},"end":{"line":36,"column":7}},"line":32}},"branchMap":{"0":{"loc":{"start":{"line":9,"column":6},"end":{"line":11,"column":7}},"type":"if","locations":[{"start":{"line":9,"column":6},"end":{"line":11,"column":7}},{"start":{},"end":{}}],"line":9},"1":{"loc":{"start":{"line":25,"column":6},"end":{"line":29,"column":7}},"type":"if","locations":[{"start":{"line":25,"column":6},"end":{"line":29,"column":7}},{"start":{},"end":{}}],"line":25}},"s":{"0":10,"1":10,"2":1,"3":1,"4":1,"5":1,"6":0,"7":1,"8":1,"9":1,"10":0,"11":1,"12":1,"13":1,"14":38,"15":38,"16":38,"17":1,"18":0,"19":10},"f":{"0":1,"1":38},"b":{"0":[0,1],"1":[0,1]},"_coverageSchema":"1a1c01bbd47fc00a2c39e90264f33305004495a9","hash":"bc9cdeba387121ea2b8735725a4561951062225e"}
,"/Users/adibwafi/Documents/Hacktiv8/Phase3/Final Project/Savvie-Server/controllers/user.js": {"path":"/Users/adibwafi/Documents/Hacktiv8/Phase3/Final Project/Savvie-Server/controllers/user.js","statementMap":{"0":{"start":{"line":1,"column":24},"end":{"line":1,"column":52}},"1":{"start":{"line":2,"column":23},"end":{"line":2,"column":48}},"2":{"start":{"line":3,"column":49},"end":{"line":3,"column":69}},"3":{"start":{"line":4,"column":25},"end":{"line":4,"column":55}},"4":{"start":{"line":8,"column":4},"end":{"line":15,"column":5}},"5":{"start":{"line":9,"column":19},"end":{"line":11,"column":8}},"6":{"start":{"line":12,"column":6},"end":{"line":12,"column":33}},"7":{"start":{"line":14,"column":6},"end":{"line":14,"column":18}},"8":{"start":{"line":19,"column":4},"end":{"line":51,"column":5}},"9":{"start":{"line":28,"column":10},"end":{"line":28,"column":18}},"10":{"start":{"line":29,"column":19},"end":{"line":39,"column":8}},"11":{"start":{"line":40,"column":6},"end":{"line":43,"column":9}},"12":{"start":{"line":45,"column":6},"end":{"line":48,"column":9}},"13":{"start":{"line":50,"column":6},"end":{"line":50,"column":18}},"14":{"start":{"line":54,"column":4},"end":{"line":73,"column":5}},"15":{"start":{"line":58,"column":10},"end":{"line":58,"column":18}},"16":{"start":{"line":59,"column":19},"end":{"line":65,"column":7}},"17":{"start":{"line":67,"column":6},"end":{"line":70,"column":9}},"18":{"start":{"line":72,"column":6},"end":{"line":72,"column":18}},"19":{"start":{"line":77,"column":4},"end":{"line":120,"column":5}},"20":{"start":{"line":78,"column":34},"end":{"line":78,"column":42}},"21":{"start":{"line":79,"column":6},"end":{"line":81,"column":7}},"22":{"start":{"line":80,"column":8},"end":{"line":80,"column":44}},"23":{"start":{"line":82,"column":6},"end":{"line":84,"column":7}},"24":{"start":{"line":83,"column":8},"end":{"line":83,"column":47}},"25":{"start":{"line":85,"column":19},"end":{"line":88,"column":8}},"26":{"start":{"line":89,"column":6},"end":{"line":90,"column":73}},"27":{"start":{"line":90,"column":8},"end":{"line":90,"column":73}},"28":{"start":{"line":92,"column":24},"end":{"line":92,"column":60}},"29":{"start":{"line":93,"column":6},"end":{"line":94,"column":73}},"30":{"start":{"line":94,"column":8},"end":{"line":94,"column":73}},"31":{"start":{"line":96,"column":20},"end":{"line":99,"column":7}},"32":{"start":{"line":100,"column":6},"end":{"line":117,"column":7}},"33":{"start":{"line":101,"column":8},"end":{"line":107,"column":11}},"34":{"start":{"line":109,"column":8},"end":{"line":116,"column":11}},"35":{"start":{"line":119,"column":6},"end":{"line":119,"column":18}},"36":{"start":{"line":207,"column":0},"end":{"line":207,"column":28}}},"fnMap":{"0":{"name":"(anonymous_0)","decl":{"start":{"line":7,"column":2},"end":{"line":7,"column":3}},"loc":{"start":{"line":7,"column":41},"end":{"line":16,"column":3}},"line":7},"1":{"name":"(anonymous_1)","decl":{"start":{"line":18,"column":2},"end":{"line":18,"column":3}},"loc":{"start":{"line":18,"column":42},"end":{"line":52,"column":3}},"line":18},"2":{"name":"(anonymous_2)","decl":{"start":{"line":53,"column":2},"end":{"line":53,"column":3}},"loc":{"start":{"line":53,"column":40},"end":{"line":74,"column":3}},"line":53},"3":{"name":"(anonymous_3)","decl":{"start":{"line":76,"column":2},"end":{"line":76,"column":3}},"loc":{"start":{"line":76,"column":41},"end":{"line":121,"column":3}},"line":76}},"branchMap":{"0":{"loc":{"start":{"line":26,"column":8},"end":{"line":26,"column":20}},"type":"default-arg","locations":[{"start":{"line":26,"column":19},"end":{"line":26,"column":20}}],"line":26},"1":{"loc":{"start":{"line":27,"column":8},"end":{"line":27,"column":21}},"type":"default-arg","locations":[{"start":{"line":27,"column":20},"end":{"line":27,"column":21}}],"line":27},"2":{"loc":{"start":{"line":79,"column":6},"end":{"line":81,"column":7}},"type":"if","locations":[{"start":{"line":79,"column":6},"end":{"line":81,"column":7}},{"start":{},"end":{}}],"line":79},"3":{"loc":{"start":{"line":82,"column":6},"end":{"line":84,"column":7}},"type":"if","locations":[{"start":{"line":82,"column":6},"end":{"line":84,"column":7}},{"start":{},"end":{}}],"line":82},"4":{"loc":{"start":{"line":89,"column":6},"end":{"line":90,"column":73}},"type":"if","locations":[{"start":{"line":89,"column":6},"end":{"line":90,"column":73}},{"start":{},"end":{}}],"line":89},"5":{"loc":{"start":{"line":93,"column":6},"end":{"line":94,"column":73}},"type":"if","locations":[{"start":{"line":93,"column":6},"end":{"line":94,"column":73}},{"start":{},"end":{}}],"line":93},"6":{"loc":{"start":{"line":100,"column":6},"end":{"line":117,"column":7}},"type":"if","locations":[{"start":{"line":100,"column":6},"end":{"line":117,"column":7}},{"start":{"line":108,"column":13},"end":{"line":117,"column":7}}],"line":100}},"s":{"0":10,"1":10,"2":10,"3":10,"4":1,"5":1,"6":1,"7":0,"8":7,"9":7,"10":7,"11":1,"12":1,"13":6,"14":1,"15":1,"16":1,"17":1,"18":0,"19":9,"20":9,"21":9,"22":1,"23":8,"24":1,"25":7,"26":7,"27":1,"28":6,"29":6,"30":1,"31":5,"32":5,"33":1,"34":4,"35":4,"36":10},"f":{"0":1,"1":7,"2":1,"3":9},"b":{"0":[5],"1":[5],"2":[1,8],"3":[1,7],"4":[1,6],"5":[1,5],"6":[1,4]},"_coverageSchema":"1a1c01bbd47fc00a2c39e90264f33305004495a9","hash":"6eb51a727a36d392d39ad130e3174ea4eb45d9b2"}
,"/Users/adibwafi/Documents/Hacktiv8/Phase3/Final Project/Savvie-Server/controllers/xendit.js": {"path":"/Users/adibwafi/Documents/Hacktiv8/Phase3/Final Project/Savvie-Server/controllers/xendit.js","statementMap":{"0":{"start":{"line":1,"column":22},"end":{"line":1,"column":46}},"1":{"start":{"line":2,"column":37},"end":{"line":2,"column":57}},"2":{"start":{"line":6,"column":14},"end":{"line":6,"column":43}},"3":{"start":{"line":7,"column":4},"end":{"line":28,"column":5}},"4":{"start":{"line":8,"column":26},"end":{"line":8,"column":34}},"5":{"start":{"line":9,"column":21},"end":{"line":9,"column":29}},"6":{"start":{"line":10,"column":23},"end":{"line":12,"column":8}},"7":{"start":{"line":13,"column":28},"end":{"line":17,"column":7}},"8":{"start":{"line":18,"column":6},"end":{"line":18,"column":23}},"9":{"start":{"line":19,"column":6},"end":{"line":24,"column":9}},"10":{"start":{"line":26,"column":6},"end":{"line":26,"column":25}},"11":{"start":{"line":27,"column":6},"end":{"line":27,"column":18}},"12":{"start":{"line":31,"column":4},"end":{"line":53,"column":5}},"13":{"start":{"line":32,"column":44},"end":{"line":32,"column":52}},"14":{"start":{"line":33,"column":6},"end":{"line":50,"column":7}},"15":{"start":{"line":34,"column":27},"end":{"line":38,"column":10}},"16":{"start":{"line":39,"column":8},"end":{"line":48,"column":10}},"17":{"start":{"line":49,"column":8},"end":{"line":49,"column":59}},"18":{"start":{"line":52,"column":6},"end":{"line":52,"column":18}},"19":{"start":{"line":57,"column":0},"end":{"line":57,"column":28}}},"fnMap":{"0":{"name":"(anonymous_0)","decl":{"start":{"line":5,"column":2},"end":{"line":5,"column":3}},"loc":{"start":{"line":5,"column":37},"end":{"line":29,"column":3}},"line":5},"1":{"name":"(anonymous_1)","decl":{"start":{"line":30,"column":2},"end":{"line":30,"column":3}},"loc":{"start":{"line":30,"column":39},"end":{"line":54,"column":3}},"line":30}},"branchMap":{"0":{"loc":{"start":{"line":33,"column":6},"end":{"line":50,"column":7}},"type":"if","locations":[{"start":{"line":33,"column":6},"end":{"line":50,"column":7}},{"start":{},"end":{}}],"line":33}},"s":{"0":10,"1":10,"2":1,"3":1,"4":1,"5":1,"6":1,"7":1,"8":1,"9":1,"10":0,"11":0,"12":1,"13":1,"14":1,"15":1,"16":1,"17":1,"18":0,"19":10},"f":{"0":1,"1":1},"b":{"0":[1,0]},"_coverageSchema":"1a1c01bbd47fc00a2c39e90264f33305004495a9","hash":"5b6ae3f5106f506b0294dd0a3e5d1c1f4b3a1011"}
,"/Users/adibwafi/Documents/Hacktiv8/Phase3/Final Project/Savvie-Server/helpers/bcrypt.js": {"path":"/Users/adibwafi/Documents/Hacktiv8/Phase3/Final Project/Savvie-Server/helpers/bcrypt.js","statementMap":{"0":{"start":{"line":1,"column":15},"end":{"line":1,"column":34}},"1":{"start":{"line":3,"column":17},"end":{"line":3,"column":60}},"2":{"start":{"line":3,"column":31},"end":{"line":3,"column":60}},"3":{"start":{"line":4,"column":20},"end":{"line":4,"column":74}},"4":{"start":{"line":4,"column":40},"end":{"line":4,"column":74}},"5":{"start":{"line":6,"column":0},"end":{"line":6,"column":43}}},"fnMap":{"0":{"name":"(anonymous_0)","decl":{"start":{"line":3,"column":17},"end":{"line":3,"column":18}},"loc":{"start":{"line":3,"column":31},"end":{"line":3,"column":60}},"line":3},"1":{"name":"(anonymous_1)","decl":{"start":{"line":4,"column":20},"end":{"line":4,"column":21}},"loc":{"start":{"line":4,"column":40},"end":{"line":4,"column":74}},"line":4}},"branchMap":{},"s":{"0":10,"1":10,"2":2,"3":10,"4":6,"5":10},"f":{"0":2,"1":6},"b":{},"_coverageSchema":"1a1c01bbd47fc00a2c39e90264f33305004495a9","hash":"62a7e847e2a96f06f83d7cc4919650ae8a3dc821"}
,"/Users/adibwafi/Documents/Hacktiv8/Phase3/Final Project/Savvie-Server/helpers/jwt.js": {"path":"/Users/adibwafi/Documents/Hacktiv8/Phase3/Final Project/Savvie-Server/helpers/jwt.js","statementMap":{"0":{"start":{"line":1,"column":12},"end":{"line":1,"column":35}},"1":{"start":{"line":2,"column":18},"end":{"line":2,"column":40}},"2":{"start":{"line":4,"column":19},"end":{"line":4,"column":60}},"3":{"start":{"line":4,"column":32},"end":{"line":4,"column":60}},"4":{"start":{"line":5,"column":20},"end":{"line":5,"column":73}},"5":{"start":{"line":5,"column":38},"end":{"line":5,"column":73}},"6":{"start":{"line":7,"column":0},"end":{"line":7,"column":45}}},"fnMap":{"0":{"name":"(anonymous_0)","decl":{"start":{"line":4,"column":19},"end":{"line":4,"column":20}},"loc":{"start":{"line":4,"column":32},"end":{"line":4,"column":60}},"line":4},"1":{"name":"(anonymous_1)","decl":{"start":{"line":5,"column":20},"end":{"line":5,"column":21}},"loc":{"start":{"line":5,"column":38},"end":{"line":5,"column":73}},"line":5}},"branchMap":{},"s":{"0":10,"1":10,"2":10,"3":5,"4":10,"5":75,"6":10},"f":{"0":5,"1":75},"b":{},"_coverageSchema":"1a1c01bbd47fc00a2c39e90264f33305004495a9","hash":"fe6c2640e2e2994a494caef999e3e3d0b7acef86"}
,"/Users/adibwafi/Documents/Hacktiv8/Phase3/Final Project/Savvie-Server/middleware/authentication.js": {"path":"/Users/adibwafi/Documents/Hacktiv8/Phase3/Final Project/Savvie-Server/middleware/authentication.js","statementMap":{"0":{"start":{"line":1,"column":24},"end":{"line":1,"column":49}},"1":{"start":{"line":2,"column":29},"end":{"line":2,"column":49}},"2":{"start":{"line":4,"column":23},"end":{"line":22,"column":1}},"3":{"start":{"line":5,"column":2},"end":{"line":21,"column":3}},"4":{"start":{"line":6,"column":29},"end":{"line":6,"column":40}},"5":{"start":{"line":7,"column":4},"end":{"line":9,"column":5}},"6":{"start":{"line":8,"column":6},"end":{"line":8,"column":63}},"7":{"start":{"line":10,"column":20},"end":{"line":10,"column":69}},"8":{"start":{"line":11,"column":17},"end":{"line":11,"column":49}},"9":{"start":{"line":12,"column":4},"end":{"line":12,"column":72}},"10":{"start":{"line":12,"column":15},"end":{"line":12,"column":72}},"11":{"start":{"line":14,"column":4},"end":{"line":17,"column":6}},"12":{"start":{"line":18,"column":4},"end":{"line":18,"column":11}},"13":{"start":{"line":20,"column":4},"end":{"line":20,"column":16}},"14":{"start":{"line":24,"column":28},"end":{"line":45,"column":1}},"15":{"start":{"line":25,"column":2},"end":{"line":44,"column":3}},"16":{"start":{"line":26,"column":29},"end":{"line":26,"column":40}},"17":{"start":{"line":27,"column":4},"end":{"line":29,"column":5}},"18":{"start":{"line":28,"column":6},"end":{"line":28,"column":63}},"19":{"start":{"line":30,"column":20},"end":{"line":30,"column":69}},"20":{"start":{"line":31,"column":17},"end":{"line":33,"column":6}},"21":{"start":{"line":34,"column":4},"end":{"line":34,"column":72}},"22":{"start":{"line":34,"column":15},"end":{"line":34,"column":72}},"23":{"start":{"line":36,"column":4},"end":{"line":40,"column":6}},"24":{"start":{"line":41,"column":4},"end":{"line":41,"column":11}},"25":{"start":{"line":43,"column":4},"end":{"line":43,"column":16}},"26":{"start":{"line":48,"column":0},"end":{"line":48,"column":55}}},"fnMap":{"0":{"name":"(anonymous_0)","decl":{"start":{"line":4,"column":23},"end":{"line":4,"column":24}},"loc":{"start":{"line":4,"column":49},"end":{"line":22,"column":1}},"line":4},"1":{"name":"(anonymous_1)","decl":{"start":{"line":24,"column":28},"end":{"line":24,"column":29}},"loc":{"start":{"line":24,"column":54},"end":{"line":45,"column":1}},"line":24}},"branchMap":{"0":{"loc":{"start":{"line":7,"column":4},"end":{"line":9,"column":5}},"type":"if","locations":[{"start":{"line":7,"column":4},"end":{"line":9,"column":5}},{"start":{},"end":{}}],"line":7},"1":{"loc":{"start":{"line":12,"column":4},"end":{"line":12,"column":72}},"type":"if","locations":[{"start":{"line":12,"column":4},"end":{"line":12,"column":72}},{"start":{},"end":{}}],"line":12},"2":{"loc":{"start":{"line":27,"column":4},"end":{"line":29,"column":5}},"type":"if","locations":[{"start":{"line":27,"column":4},"end":{"line":29,"column":5}},{"start":{},"end":{}}],"line":27},"3":{"loc":{"start":{"line":34,"column":4},"end":{"line":34,"column":72}},"type":"if","locations":[{"start":{"line":34,"column":4},"end":{"line":34,"column":72}},{"start":{},"end":{}}],"line":34}},"s":{"0":10,"1":10,"2":10,"3":30,"4":30,"5":30,"6":0,"7":30,"8":20,"9":20,"10":0,"11":20,"12":20,"13":10,"14":10,"15":45,"16":45,"17":45,"18":0,"19":45,"20":31,"21":31,"22":0,"23":31,"24":31,"25":14,"26":10},"f":{"0":30,"1":45},"b":{"0":[0,30],"1":[0,20],"2":[0,45],"3":[0,31]},"_coverageSchema":"1a1c01bbd47fc00a2c39e90264f33305004495a9","hash":"524a22cfc3f43f0794924eb3481311f6f52f45ba"}
,"/Users/adibwafi/Documents/Hacktiv8/Phase3/Final Project/Savvie-Server/middleware/authorization.js": {"path":"/Users/adibwafi/Documents/Hacktiv8/Phase3/Final Project/Savvie-Server/middleware/authorization.js","statementMap":{"0":{"start":{"line":1,"column":28},"end":{"line":1,"column":48}},"1":{"start":{"line":3,"column":22},"end":{"line":18,"column":1}},"2":{"start":{"line":4,"column":2},"end":{"line":17,"column":3}},"3":{"start":{"line":5,"column":19},"end":{"line":5,"column":29}},"4":{"start":{"line":6,"column":29},"end":{"line":6,"column":37}},"5":{"start":{"line":7,"column":22},"end":{"line":7,"column":50}},"6":{"start":{"line":8,"column":4},"end":{"line":8,"column":73}},"7":{"start":{"line":8,"column":20},"end":{"line":8,"column":73}},"8":{"start":{"line":10,"column":4},"end":{"line":14,"column":5}},"9":{"start":{"line":11,"column":6},"end":{"line":11,"column":13}},"10":{"start":{"line":13,"column":6},"end":{"line":13,"column":65}},"11":{"start":{"line":16,"column":4},"end":{"line":16,"column":16}},"12":{"start":{"line":20,"column":27},"end":{"line":35,"column":1}},"13":{"start":{"line":21,"column":2},"end":{"line":34,"column":3}},"14":{"start":{"line":22,"column":19},"end":{"line":22,"column":29}},"15":{"start":{"line":23,"column":34},"end":{"line":23,"column":42}},"16":{"start":{"line":24,"column":17},"end":{"line":24,"column":40}},"17":{"start":{"line":25,"column":4},"end":{"line":25,"column":68}},"18":{"start":{"line":25,"column":15},"end":{"line":25,"column":68}},"19":{"start":{"line":27,"column":4},"end":{"line":31,"column":5}},"20":{"start":{"line":28,"column":6},"end":{"line":28,"column":13}},"21":{"start":{"line":30,"column":6},"end":{"line":30,"column":65}},"22":{"start":{"line":33,"column":4},"end":{"line":33,"column":16}},"23":{"start":{"line":37,"column":0},"end":{"line":37,"column":53}}},"fnMap":{"0":{"name":"(anonymous_0)","decl":{"start":{"line":3,"column":22},"end":{"line":3,"column":23}},"loc":{"start":{"line":3,"column":48},"end":{"line":18,"column":1}},"line":3},"1":{"name":"(anonymous_1)","decl":{"start":{"line":20,"column":27},"end":{"line":20,"column":28}},"loc":{"start":{"line":20,"column":53},"end":{"line":35,"column":1}},"line":20}},"branchMap":{"0":{"loc":{"start":{"line":8,"column":4},"end":{"line":8,"column":73}},"type":"if","locations":[{"start":{"line":8,"column":4},"end":{"line":8,"column":73}},{"start":{},"end":{}}],"line":8},"1":{"loc":{"start":{"line":10,"column":4},"end":{"line":14,"column":5}},"type":"if","locations":[{"start":{"line":10,"column":4},"end":{"line":14,"column":5}},{"start":{"line":12,"column":11},"end":{"line":14,"column":5}}],"line":10},"2":{"loc":{"start":{"line":25,"column":4},"end":{"line":25,"column":68}},"type":"if","locations":[{"start":{"line":25,"column":4},"end":{"line":25,"column":68}},{"start":{},"end":{}}],"line":25},"3":{"loc":{"start":{"line":27,"column":4},"end":{"line":31,"column":5}},"type":"if","locations":[{"start":{"line":27,"column":4},"end":{"line":31,"column":5}},{"start":{"line":29,"column":11},"end":{"line":31,"column":5}}],"line":27}},"s":{"0":10,"1":10,"2":2,"3":2,"4":2,"5":2,"6":2,"7":1,"8":1,"9":1,"10":0,"11":1,"12":10,"13":15,"14":15,"15":15,"16":15,"17":15,"18":5,"19":10,"20":5,"21":5,"22":10,"23":10},"f":{"0":2,"1":15},"b":{"0":[1,1],"1":[1,0],"2":[5,10],"3":[5,5]},"_coverageSchema":"1a1c01bbd47fc00a2c39e90264f33305004495a9","hash":"904180e297faf429a4f4ebad0ccccdf2d3302ed1"}
,"/Users/adibwafi/Documents/Hacktiv8/Phase3/Final Project/Savvie-Server/middleware/errorHandler.js": {"path":"/Users/adibwafi/Documents/Hacktiv8/Phase3/Final Project/Savvie-Server/middleware/errorHandler.js","statementMap":{"0":{"start":{"line":1,"column":21},"end":{"line":46,"column":1}},"1":{"start":{"line":2,"column":13},"end":{"line":2,"column":16}},"2":{"start":{"line":3,"column":16},"end":{"line":3,"column":39}},"3":{"start":{"line":4,"column":2},"end":{"line":4,"column":19}},"4":{"start":{"line":6,"column":2},"end":{"line":42,"column":3}},"5":{"start":{"line":10,"column":4},"end":{"line":10,"column":15}},"6":{"start":{"line":11,"column":4},"end":{"line":11,"column":36}},"7":{"start":{"line":18,"column":9},"end":{"line":42,"column":3}},"8":{"start":{"line":19,"column":4},"end":{"line":19,"column":15}},"9":{"start":{"line":20,"column":4},"end":{"line":20,"column":30}},"10":{"start":{"line":21,"column":9},"end":{"line":42,"column":3}},"11":{"start":{"line":22,"column":4},"end":{"line":22,"column":15}},"12":{"start":{"line":23,"column":4},"end":{"line":23,"column":42}},"13":{"start":{"line":24,"column":9},"end":{"line":42,"column":3}},"14":{"start":{"line":25,"column":4},"end":{"line":25,"column":15}},"15":{"start":{"line":26,"column":4},"end":{"line":26,"column":34}},"16":{"start":{"line":27,"column":9},"end":{"line":42,"column":3}},"17":{"start":{"line":28,"column":4},"end":{"line":28,"column":15}},"18":{"start":{"line":29,"column":4},"end":{"line":29,"column":37}},"19":{"start":{"line":30,"column":9},"end":{"line":42,"column":3}},"20":{"start":{"line":31,"column":4},"end":{"line":31,"column":15}},"21":{"start":{"line":32,"column":4},"end":{"line":32,"column":35}},"22":{"start":{"line":33,"column":9},"end":{"line":42,"column":3}},"23":{"start":{"line":34,"column":4},"end":{"line":34,"column":15}},"24":{"start":{"line":35,"column":4},"end":{"line":35,"column":37}},"25":{"start":{"line":36,"column":9},"end":{"line":42,"column":3}},"26":{"start":{"line":37,"column":4},"end":{"line":37,"column":15}},"27":{"start":{"line":38,"column":4},"end":{"line":38,"column":22}},"28":{"start":{"line":43,"column":2},"end":{"line":45,"column":5}},"29":{"start":{"line":48,"column":0},"end":{"line":48,"column":30}}},"fnMap":{"0":{"name":"(anonymous_0)","decl":{"start":{"line":1,"column":21},"end":{"line":1,"column":22}},"loc":{"start":{"line":1,"column":52},"end":{"line":46,"column":1}},"line":1}},"branchMap":{"0":{"loc":{"start":{"line":6,"column":2},"end":{"line":42,"column":3}},"type":"if","locations":[{"start":{"line":6,"column":2},"end":{"line":42,"column":3}},{"start":{"line":18,"column":9},"end":{"line":42,"column":3}}],"line":6},"1":{"loc":{"start":{"line":7,"column":4},"end":{"line":8,"column":49}},"type":"binary-expr","locations":[{"start":{"line":7,"column":4},"end":{"line":7,"column":43}},{"start":{"line":8,"column":4},"end":{"line":8,"column":49}}],"line":7},"2":{"loc":{"start":{"line":18,"column":9},"end":{"line":42,"column":3}},"type":"if","locations":[{"start":{"line":18,"column":9},"end":{"line":42,"column":3}},{"start":{"line":21,"column":9},"end":{"line":42,"column":3}}],"line":18},"3":{"loc":{"start":{"line":21,"column":9},"end":{"line":42,"column":3}},"type":"if","locations":[{"start":{"line":21,"column":9},"end":{"line":42,"column":3}},{"start":{"line":24,"column":9},"end":{"line":42,"column":3}}],"line":21},"4":{"loc":{"start":{"line":24,"column":9},"end":{"line":42,"column":3}},"type":"if","locations":[{"start":{"line":24,"column":9},"end":{"line":42,"column":3}},{"start":{"line":27,"column":9},"end":{"line":42,"column":3}}],"line":24},"5":{"loc":{"start":{"line":27,"column":9},"end":{"line":42,"column":3}},"type":"if","locations":[{"start":{"line":27,"column":9},"end":{"line":42,"column":3}},{"start":{"line":30,"column":9},"end":{"line":42,"column":3}}],"line":27},"6":{"loc":{"start":{"line":30,"column":9},"end":{"line":42,"column":3}},"type":"if","locations":[{"start":{"line":30,"column":9},"end":{"line":42,"column":3}},{"start":{"line":33,"column":9},"end":{"line":42,"column":3}}],"line":30},"7":{"loc":{"start":{"line":33,"column":9},"end":{"line":42,"column":3}},"type":"if","locations":[{"start":{"line":33,"column":9},"end":{"line":42,"column":3}},{"start":{"line":36,"column":9},"end":{"line":42,"column":3}}],"line":33},"8":{"loc":{"start":{"line":36,"column":9},"end":{"line":42,"column":3}},"type":"if","locations":[{"start":{"line":36,"column":9},"end":{"line":42,"column":3}},{"start":{},"end":{}}],"line":36}},"s":{"0":10,"1":64,"2":64,"3":64,"4":64,"5":20,"6":20,"7":44,"8":24,"9":24,"10":20,"11":2,"12":2,"13":18,"14":1,"15":1,"16":17,"17":1,"18":1,"19":16,"20":5,"21":5,"22":11,"23":9,"24":9,"25":2,"26":1,"27":1,"28":64,"29":10},"f":{"0":64},"b":{"0":[20,44],"1":[64,45],"2":[24,20],"3":[2,18],"4":[1,17],"5":[1,16],"6":[5,11],"7":[9,2],"8":[1,1]},"_coverageSchema":"1a1c01bbd47fc00a2c39e90264f33305004495a9","hash":"513702229d7a55b7597696f6f247e0a42cbc3358"}
,"/Users/adibwafi/Documents/Hacktiv8/Phase3/Final Project/Savvie-Server/models/balance.js": {"path":"/Users/adibwafi/Documents/Hacktiv8/Phase3/Final Project/Savvie-Server/models/balance.js","statementMap":{"0":{"start":{"line":4,"column":4},"end":{"line":4,"column":24}},"1":{"start":{"line":5,"column":0},"end":{"line":25,"column":2}},"2":{"start":{"line":14,"column":6},"end":{"line":14,"column":37}},"3":{"start":{"line":17,"column":2},"end":{"line":23,"column":5}},"4":{"start":{"line":24,"column":2},"end":{"line":24,"column":17}}},"fnMap":{"0":{"name":"(anonymous_0)","decl":{"start":{"line":5,"column":17},"end":{"line":5,"column":18}},"loc":{"start":{"line":5,"column":43},"end":{"line":25,"column":1}},"line":5},"1":{"name":"(anonymous_1)","decl":{"start":{"line":12,"column":4},"end":{"line":12,"column":5}},"loc":{"start":{"line":12,"column":29},"end":{"line":15,"column":5}},"line":12}},"branchMap":{},"s":{"0":10,"1":10,"2":10,"3":10,"4":10},"f":{"0":10,"1":10},"b":{},"_coverageSchema":"1a1c01bbd47fc00a2c39e90264f33305004495a9","hash":"90cc82d2b7040621272cedb3dbdcb29c89415ed1"}
,"/Users/adibwafi/Documents/Hacktiv8/Phase3/Final Project/Savvie-Server/models/basket.js": {"path":"/Users/adibwafi/Documents/Hacktiv8/Phase3/Final Project/Savvie-Server/models/basket.js","statementMap":{"0":{"start":{"line":2,"column":18},"end":{"line":2,"column":38}},"1":{"start":{"line":3,"column":0},"end":{"line":37,"column":2}},"2":{"start":{"line":6,"column":6},"end":{"line":6,"column":36}},"3":{"start":{"line":7,"column":6},"end":{"line":7,"column":36}},"4":{"start":{"line":10,"column":2},"end":{"line":35,"column":4}},"5":{"start":{"line":36,"column":2},"end":{"line":36,"column":16}}},"fnMap":{"0":{"name":"(anonymous_0)","decl":{"start":{"line":3,"column":17},"end":{"line":3,"column":18}},"loc":{"start":{"line":3,"column":43},"end":{"line":37,"column":1}},"line":3},"1":{"name":"(anonymous_1)","decl":{"start":{"line":5,"column":4},"end":{"line":5,"column":5}},"loc":{"start":{"line":5,"column":29},"end":{"line":8,"column":5}},"line":5}},"branchMap":{},"s":{"0":10,"1":10,"2":10,"3":10,"4":10,"5":10},"f":{"0":10,"1":10},"b":{},"_coverageSchema":"1a1c01bbd47fc00a2c39e90264f33305004495a9","hash":"cf0bdf537632e7afdbf9718686634201bfa3c2a6"}
,"/Users/adibwafi/Documents/Hacktiv8/Phase3/Final Project/Savvie-Server/models/category.js": {"path":"/Users/adibwafi/Documents/Hacktiv8/Phase3/Final Project/Savvie-Server/models/category.js","statementMap":{"0":{"start":{"line":2,"column":18},"end":{"line":2,"column":38}},"1":{"start":{"line":3,"column":0},"end":{"line":43,"column":2}},"2":{"start":{"line":6,"column":6},"end":{"line":6,"column":36}},"3":{"start":{"line":7,"column":6},"end":{"line":7,"column":45}},"4":{"start":{"line":10,"column":2},"end":{"line":41,"column":4}},"5":{"start":{"line":42,"column":2},"end":{"line":42,"column":18}}},"fnMap":{"0":{"name":"(anonymous_0)","decl":{"start":{"line":3,"column":17},"end":{"line":3,"column":18}},"loc":{"start":{"line":3,"column":43},"end":{"line":43,"column":1}},"line":3},"1":{"name":"(anonymous_1)","decl":{"start":{"line":5,"column":4},"end":{"line":5,"column":5}},"loc":{"start":{"line":5,"column":29},"end":{"line":8,"column":5}},"line":5}},"branchMap":{},"s":{"0":10,"1":10,"2":10,"3":10,"4":10,"5":10},"f":{"0":10,"1":10},"b":{},"_coverageSchema":"1a1c01bbd47fc00a2c39e90264f33305004495a9","hash":"3ac69a33436d0f0fe047a3594132b53bf379594a"}
,"/Users/adibwafi/Documents/Hacktiv8/Phase3/Final Project/Savvie-Server/models/categoryresto.js": {"path":"/Users/adibwafi/Documents/Hacktiv8/Phase3/Final Project/Savvie-Server/models/categoryresto.js","statementMap":{"0":{"start":{"line":2,"column":18},"end":{"line":2,"column":38}},"1":{"start":{"line":3,"column":0},"end":{"line":26,"column":2}},"2":{"start":{"line":6,"column":6},"end":{"line":6,"column":47}},"3":{"start":{"line":9,"column":2},"end":{"line":24,"column":4}},"4":{"start":{"line":25,"column":2},"end":{"line":25,"column":23}}},"fnMap":{"0":{"name":"(anonymous_0)","decl":{"start":{"line":3,"column":17},"end":{"line":3,"column":18}},"loc":{"start":{"line":3,"column":43},"end":{"line":26,"column":1}},"line":3},"1":{"name":"(anonymous_1)","decl":{"start":{"line":5,"column":4},"end":{"line":5,"column":5}},"loc":{"start":{"line":5,"column":29},"end":{"line":7,"column":5}},"line":5}},"branchMap":{},"s":{"0":10,"1":10,"2":10,"3":10,"4":10},"f":{"0":10,"1":10},"b":{},"_coverageSchema":"1a1c01bbd47fc00a2c39e90264f33305004495a9","hash":"959622a07e20e7b55730fb0eadc2ce647de997ca"}
,"/Users/adibwafi/Documents/Hacktiv8/Phase3/Final Project/Savvie-Server/models/favourite.js": {"path":"/Users/adibwafi/Documents/Hacktiv8/Phase3/Final Project/Savvie-Server/models/favourite.js","statementMap":{"0":{"start":{"line":2,"column":18},"end":{"line":2,"column":38}},"1":{"start":{"line":3,"column":0},"end":{"line":27,"column":2}},"2":{"start":{"line":6,"column":6},"end":{"line":6,"column":39}},"3":{"start":{"line":7,"column":6},"end":{"line":7,"column":39}},"4":{"start":{"line":10,"column":2},"end":{"line":25,"column":4}},"5":{"start":{"line":26,"column":2},"end":{"line":26,"column":19}}},"fnMap":{"0":{"name":"(anonymous_0)","decl":{"start":{"line":3,"column":17},"end":{"line":3,"column":18}},"loc":{"start":{"line":3,"column":43},"end":{"line":27,"column":1}},"line":3},"1":{"name":"(anonymous_1)","decl":{"start":{"line":5,"column":4},"end":{"line":5,"column":5}},"loc":{"start":{"line":5,"column":29},"end":{"line":8,"column":5}},"line":5}},"branchMap":{},"s":{"0":10,"1":10,"2":10,"3":10,"4":10,"5":10},"f":{"0":10,"1":10},"b":{},"_coverageSchema":"1a1c01bbd47fc00a2c39e90264f33305004495a9","hash":"90d3da5eda156cb0a5894b99c0387703b9ae3ed7"}
,"/Users/adibwafi/Documents/Hacktiv8/Phase3/Final Project/Savvie-Server/models/food.js": {"path":"/Users/adibwafi/Documents/Hacktiv8/Phase3/Final Project/Savvie-Server/models/food.js","statementMap":{"0":{"start":{"line":2,"column":18},"end":{"line":2,"column":38}},"1":{"start":{"line":3,"column":0},"end":{"line":149,"column":2}},"2":{"start":{"line":6,"column":6},"end":{"line":6,"column":38}},"3":{"start":{"line":7,"column":6},"end":{"line":7,"column":40}},"4":{"start":{"line":8,"column":6},"end":{"line":8,"column":37}},"5":{"start":{"line":9,"column":6},"end":{"line":9,"column":34}},"6":{"start":{"line":10,"column":6},"end":{"line":10,"column":37}},"7":{"start":{"line":13,"column":2},"end":{"line":144,"column":4}},"8":{"start":{"line":145,"column":2},"end":{"line":147,"column":5}},"9":{"start":{"line":146,"column":4},"end":{"line":146,"column":60}},"10":{"start":{"line":148,"column":2},"end":{"line":148,"column":14}}},"fnMap":{"0":{"name":"(anonymous_0)","decl":{"start":{"line":3,"column":17},"end":{"line":3,"column":18}},"loc":{"start":{"line":3,"column":43},"end":{"line":149,"column":1}},"line":3},"1":{"name":"(anonymous_1)","decl":{"start":{"line":5,"column":4},"end":{"line":5,"column":5}},"loc":{"start":{"line":5,"column":29},"end":{"line":11,"column":5}},"line":5},"2":{"name":"(anonymous_2)","decl":{"start":{"line":145,"column":20},"end":{"line":145,"column":21}},"loc":{"start":{"line":145,"column":28},"end":{"line":147,"column":3}},"line":145}},"branchMap":{},"s":{"0":10,"1":10,"2":10,"3":10,"4":10,"5":10,"6":10,"7":10,"8":10,"9":1,"10":10},"f":{"0":10,"1":10,"2":1},"b":{},"_coverageSchema":"1a1c01bbd47fc00a2c39e90264f33305004495a9","hash":"7741545cb16debf3b11fcc77d7b02a4376668dac"}
,"/Users/adibwafi/Documents/Hacktiv8/Phase3/Final Project/Savvie-Server/models/index.js": {"path":"/Users/adibwafi/Documents/Hacktiv8/Phase3/Final Project/Savvie-Server/models/index.js","statementMap":{"0":{"start":{"line":3,"column":11},"end":{"line":3,"column":24}},"1":{"start":{"line":4,"column":13},"end":{"line":4,"column":28}},"2":{"start":{"line":5,"column":18},"end":{"line":5,"column":38}},"3":{"start":{"line":6,"column":17},"end":{"line":6,"column":42}},"4":{"start":{"line":7,"column":12},"end":{"line":7,"column":49}},"5":{"start":{"line":8,"column":15},"end":{"line":8,"column":65}},"6":{"start":{"line":9,"column":11},"end":{"line":9,"column":13}},"7":{"start":{"line":12,"column":0},"end":{"line":16,"column":1}},"8":{"start":{"line":13,"column":2},"end":{"line":13,"column":74}},"9":{"start":{"line":15,"column":2},"end":{"line":15,"column":87}},"10":{"start":{"line":18,"column":0},"end":{"line":26,"column":5}},"11":{"start":{"line":21,"column":4},"end":{"line":21,"column":90}},"12":{"start":{"line":24,"column":18},"end":{"line":24,"column":85}},"13":{"start":{"line":25,"column":4},"end":{"line":25,"column":27}},"14":{"start":{"line":28,"column":0},"end":{"line":32,"column":3}},"15":{"start":{"line":29,"column":2},"end":{"line":31,"column":3}},"16":{"start":{"line":30,"column":4},"end":{"line":30,"column":32}},"17":{"start":{"line":34,"column":0},"end":{"line":34,"column":25}},"18":{"start":{"line":35,"column":0},"end":{"line":35,"column":25}},"19":{"start":{"line":37,"column":0},"end":{"line":37,"column":20}}},"fnMap":{"0":{"name":"(anonymous_0)","decl":{"start":{"line":20,"column":10},"end":{"line":20,"column":11}},"loc":{"start":{"line":20,"column":18},"end":{"line":22,"column":3}},"line":20},"1":{"name":"(anonymous_1)","decl":{"start":{"line":23,"column":11},"end":{"line":23,"column":12}},"loc":{"start":{"line":23,"column":19},"end":{"line":26,"column":3}},"line":23},"2":{"name":"(anonymous_2)","decl":{"start":{"line":28,"column":24},"end":{"line":28,"column":25}},"loc":{"start":{"line":28,"column":37},"end":{"line":32,"column":1}},"line":28}},"branchMap":{"0":{"loc":{"start":{"line":7,"column":12},"end":{"line":7,"column":49}},"type":"binary-expr","locations":[{"start":{"line":7,"column":12},"end":{"line":7,"column":32}},{"start":{"line":7,"column":36},"end":{"line":7,"column":49}}],"line":7},"1":{"loc":{"start":{"line":12,"column":0},"end":{"line":16,"column":1}},"type":"if","locations":[{"start":{"line":12,"column":0},"end":{"line":16,"column":1}},{"start":{"line":14,"column":7},"end":{"line":16,"column":1}}],"line":12},"2":{"loc":{"start":{"line":21,"column":11},"end":{"line":21,"column":89}},"type":"binary-expr","locations":[{"start":{"line":21,"column":12},"end":{"line":21,"column":35}},{"start":{"line":21,"column":41},"end":{"line":21,"column":58}},{"start":{"line":21,"column":64},"end":{"line":21,"column":88}}],"line":21},"3":{"loc":{"start":{"line":29,"column":2},"end":{"line":31,"column":3}},"type":"if","locations":[{"start":{"line":29,"column":2},"end":{"line":31,"column":3}},{"start":{},"end":{}}],"line":29}},"s":{"0":10,"1":10,"2":10,"3":10,"4":10,"5":10,"6":10,"7":10,"8":0,"9":10,"10":10,"11":110,"12":100,"13":100,"14":10,"15":100,"16":100,"17":10,"18":10,"19":10},"f":{"0":110,"1":100,"2":100},"b":{"0":[10,0],"1":[0,10],"2":[110,110,100],"3":[100,0]},"_coverageSchema":"1a1c01bbd47fc00a2c39e90264f33305004495a9","hash":"fc98acf4adc6c1a5fef0434c53b446b6e2b817d9"}
,"/Users/adibwafi/Documents/Hacktiv8/Phase3/Final Project/Savvie-Server/models/orderitem.js": {"path":"/Users/adibwafi/Documents/Hacktiv8/Phase3/Final Project/Savvie-Server/models/orderitem.js","statementMap":{"0":{"start":{"line":2,"column":18},"end":{"line":2,"column":38}},"1":{"start":{"line":3,"column":0},"end":{"line":61,"column":2}},"2":{"start":{"line":12,"column":6},"end":{"line":12,"column":42}},"3":{"start":{"line":13,"column":6},"end":{"line":13,"column":39}},"4":{"start":{"line":16,"column":2},"end":{"line":59,"column":4}},"5":{"start":{"line":60,"column":2},"end":{"line":60,"column":19}}},"fnMap":{"0":{"name":"(anonymous_0)","decl":{"start":{"line":3,"column":17},"end":{"line":3,"column":18}},"loc":{"start":{"line":3,"column":43},"end":{"line":61,"column":1}},"line":3},"1":{"name":"(anonymous_1)","decl":{"start":{"line":10,"column":4},"end":{"line":10,"column":5}},"loc":{"start":{"line":10,"column":29},"end":{"line":14,"column":5}},"line":10}},"branchMap":{},"s":{"0":10,"1":10,"2":10,"3":10,"4":10,"5":10},"f":{"0":10,"1":10},"b":{},"_coverageSchema":"1a1c01bbd47fc00a2c39e90264f33305004495a9","hash":"14a77878bffbc98ab74841fd0fff4388949d0bc1"}
,"/Users/adibwafi/Documents/Hacktiv8/Phase3/Final Project/Savvie-Server/models/payment.js": {"path":"/Users/adibwafi/Documents/Hacktiv8/Phase3/Final Project/Savvie-Server/models/payment.js","statementMap":{"0":{"start":{"line":2,"column":18},"end":{"line":2,"column":38}},"1":{"start":{"line":3,"column":0},"end":{"line":77,"column":2}},"2":{"start":{"line":12,"column":6},"end":{"line":12,"column":37}},"3":{"start":{"line":13,"column":6},"end":{"line":13,"column":40}},"4":{"start":{"line":16,"column":2},"end":{"line":75,"column":4}},"5":{"start":{"line":76,"column":2},"end":{"line":76,"column":17}}},"fnMap":{"0":{"name":"(anonymous_0)","decl":{"start":{"line":3,"column":17},"end":{"line":3,"column":18}},"loc":{"start":{"line":3,"column":43},"end":{"line":77,"column":1}},"line":3},"1":{"name":"(anonymous_1)","decl":{"start":{"line":10,"column":4},"end":{"line":10,"column":5}},"loc":{"start":{"line":10,"column":29},"end":{"line":14,"column":5}},"line":10}},"branchMap":{},"s":{"0":10,"1":10,"2":10,"3":10,"4":10,"5":10},"f":{"0":10,"1":10},"b":{},"_coverageSchema":"1a1c01bbd47fc00a2c39e90264f33305004495a9","hash":"38780de2272c150ccf845777231aae014a7f469a"}
,"/Users/adibwafi/Documents/Hacktiv8/Phase3/Final Project/Savvie-Server/models/restaurant.js": {"path":"/Users/adibwafi/Documents/Hacktiv8/Phase3/Final Project/Savvie-Server/models/restaurant.js","statementMap":{"0":{"start":{"line":2,"column":18},"end":{"line":2,"column":38}},"1":{"start":{"line":3,"column":0},"end":{"line":192,"column":2}},"2":{"start":{"line":6,"column":6},"end":{"line":6,"column":47}},"3":{"start":{"line":7,"column":6},"end":{"line":7,"column":38}},"4":{"start":{"line":8,"column":6},"end":{"line":8,"column":40}},"5":{"start":{"line":11,"column":2},"end":{"line":190,"column":4}},"6":{"start":{"line":191,"column":2},"end":{"line":191,"column":20}}},"fnMap":{"0":{"name":"(anonymous_0)","decl":{"start":{"line":3,"column":17},"end":{"line":3,"column":18}},"loc":{"start":{"line":3,"column":43},"end":{"line":192,"column":1}},"line":3},"1":{"name":"(anonymous_1)","decl":{"start":{"line":5,"column":4},"end":{"line":5,"column":5}},"loc":{"start":{"line":5,"column":29},"end":{"line":9,"column":5}},"line":5}},"branchMap":{},"s":{"0":10,"1":10,"2":10,"3":10,"4":10,"5":10,"6":10},"f":{"0":10,"1":10},"b":{},"_coverageSchema":"1a1c01bbd47fc00a2c39e90264f33305004495a9","hash":"16bf5831fc532ef25cb109e1d230c3b2ff07b424"}
,"/Users/adibwafi/Documents/Hacktiv8/Phase3/Final Project/Savvie-Server/models/user.js": {"path":"/Users/adibwafi/Documents/Hacktiv8/Phase3/Final Project/Savvie-Server/models/user.js","statementMap":{"0":{"start":{"line":2,"column":18},"end":{"line":2,"column":38}},"1":{"start":{"line":3,"column":15},"end":{"line":3,"column":34}},"2":{"start":{"line":4,"column":21},"end":{"line":4,"column":49}},"3":{"start":{"line":5,"column":0},"end":{"line":123,"column":2}},"4":{"start":{"line":8,"column":6},"end":{"line":8,"column":37}},"5":{"start":{"line":9,"column":6},"end":{"line":9,"column":37}},"6":{"start":{"line":10,"column":6},"end":{"line":10,"column":34}},"7":{"start":{"line":11,"column":6},"end":{"line":11,"column":35}},"8":{"start":{"line":12,"column":6},"end":{"line":12,"column":34}},"9":{"start":{"line":15,"column":2},"end":{"line":117,"column":4}},"10":{"start":{"line":118,"column":2},"end":{"line":121,"column":5}},"11":{"start":{"line":119,"column":4},"end":{"line":119,"column":40}},"12":{"start":{"line":120,"column":4},"end":{"line":120,"column":68}},"13":{"start":{"line":122,"column":2},"end":{"line":122,"column":14}}},"fnMap":{"0":{"name":"(anonymous_0)","decl":{"start":{"line":5,"column":17},"end":{"line":5,"column":18}},"loc":{"start":{"line":5,"column":43},"end":{"line":123,"column":1}},"line":5},"1":{"name":"(anonymous_1)","decl":{"start":{"line":7,"column":4},"end":{"line":7,"column":5}},"loc":{"start":{"line":7,"column":29},"end":{"line":13,"column":5}},"line":7},"2":{"name":"(anonymous_2)","decl":{"start":{"line":118,"column":20},"end":{"line":118,"column":21}},"loc":{"start":{"line":118,"column":28},"end":{"line":121,"column":3}},"line":118}},"branchMap":{},"s":{"0":10,"1":10,"2":10,"3":10,"4":10,"5":10,"6":10,"7":10,"8":10,"9":10,"10":10,"11":2,"12":2,"13":10},"f":{"0":10,"1":10,"2":2},"b":{},"_coverageSchema":"1a1c01bbd47fc00a2c39e90264f33305004495a9","hash":"55703c0d73eb050a80e0f61e173044febcbe9c5a"}
,"/Users/adibwafi/Documents/Hacktiv8/Phase3/Final Project/Savvie-Server/routes/category.js": {"path":"/Users/adibwafi/Documents/Hacktiv8/Phase3/Final Project/Savvie-Server/routes/category.js","statementMap":{"0":{"start":{"line":1,"column":16},"end":{"line":1,"column":34}},"1":{"start":{"line":2,"column":15},"end":{"line":2,"column":31}},"2":{"start":{"line":3,"column":17},"end":{"line":3,"column":51}},"3":{"start":{"line":5,"column":0},"end":{"line":5,"column":38}},"4":{"start":{"line":6,"column":0},"end":{"line":6,"column":45}},"5":{"start":{"line":8,"column":0},"end":{"line":8,"column":24}}},"fnMap":{},"branchMap":{},"s":{"0":10,"1":10,"2":10,"3":10,"4":10,"5":10},"f":{},"b":{},"_coverageSchema":"1a1c01bbd47fc00a2c39e90264f33305004495a9","hash":"bfe4111403af63ca2886a6417c7ebd7be9980788"}
,"/Users/adibwafi/Documents/Hacktiv8/Phase3/Final Project/Savvie-Server/routes/checkout.js": {"path":"/Users/adibwafi/Documents/Hacktiv8/Phase3/Final Project/Savvie-Server/routes/checkout.js","statementMap":{"0":{"start":{"line":1,"column":16},"end":{"line":1,"column":34}},"1":{"start":{"line":2,"column":15},"end":{"line":2,"column":31}},"2":{"start":{"line":3,"column":17},"end":{"line":3,"column":51}},"3":{"start":{"line":4,"column":27},"end":{"line":4,"column":66}},"4":{"start":{"line":6,"column":0},"end":{"line":6,"column":26}},"5":{"start":{"line":7,"column":0},"end":{"line":7,"column":42}},"6":{"start":{"line":8,"column":0},"end":{"line":8,"column":35}},"7":{"start":{"line":10,"column":0},"end":{"line":10,"column":24}}},"fnMap":{},"branchMap":{},"s":{"0":10,"1":10,"2":10,"3":10,"4":10,"5":10,"6":10,"7":10},"f":{},"b":{},"_coverageSchema":"1a1c01bbd47fc00a2c39e90264f33305004495a9","hash":"7e68d1405226d6174e92738fce23a89fb4c9cf31"}
,"/Users/adibwafi/Documents/Hacktiv8/Phase3/Final Project/Savvie-Server/routes/favourite.js": {"path":"/Users/adibwafi/Documents/Hacktiv8/Phase3/Final Project/Savvie-Server/routes/favourite.js","statementMap":{"0":{"start":{"line":1,"column":16},"end":{"line":1,"column":34}},"1":{"start":{"line":2,"column":15},"end":{"line":2,"column":31}},"2":{"start":{"line":3,"column":18},"end":{"line":3,"column":53}},"3":{"start":{"line":4,"column":27},"end":{"line":4,"column":66}},"4":{"start":{"line":5,"column":26},"end":{"line":5,"column":64}},"5":{"start":{"line":7,"column":0},"end":{"line":7,"column":26}},"6":{"start":{"line":8,"column":0},"end":{"line":8,"column":40}},"7":{"start":{"line":9,"column":0},"end":{"line":9,"column":47}},"8":{"start":{"line":10,"column":0},"end":{"line":10,"column":64}},"9":{"start":{"line":12,"column":0},"end":{"line":12,"column":24}}},"fnMap":{},"branchMap":{},"s":{"0":10,"1":10,"2":10,"3":10,"4":10,"5":10,"6":10,"7":10,"8":10,"9":10},"f":{},"b":{},"_coverageSchema":"1a1c01bbd47fc00a2c39e90264f33305004495a9","hash":"e55ca476560d0d00c7c62c9e2c79cfb7150a1527"}
,"/Users/adibwafi/Documents/Hacktiv8/Phase3/Final Project/Savvie-Server/routes/food.js": {"path":"/Users/adibwafi/Documents/Hacktiv8/Phase3/Final Project/Savvie-Server/routes/food.js","statementMap":{"0":{"start":{"line":1,"column":16},"end":{"line":1,"column":34}},"1":{"start":{"line":2,"column":15},"end":{"line":2,"column":31}},"2":{"start":{"line":3,"column":13},"end":{"line":3,"column":43}},"3":{"start":{"line":5,"column":0},"end":{"line":5,"column":30}},"4":{"start":{"line":6,"column":0},"end":{"line":6,"column":37}},"5":{"start":{"line":8,"column":0},"end":{"line":8,"column":24}}},"fnMap":{},"branchMap":{},"s":{"0":10,"1":10,"2":10,"3":10,"4":10,"5":10},"f":{},"b":{},"_coverageSchema":"1a1c01bbd47fc00a2c39e90264f33305004495a9","hash":"2f7b88e983e9aa14d15130697c1311d3647065bd"}
,"/Users/adibwafi/Documents/Hacktiv8/Phase3/Final Project/Savvie-Server/routes/index.js": {"path":"/Users/adibwafi/Documents/Hacktiv8/Phase3/Final Project/Savvie-Server/routes/index.js","statementMap":{"0":{"start":{"line":1,"column":16},"end":{"line":1,"column":34}},"1":{"start":{"line":2,"column":15},"end":{"line":2,"column":31}},"2":{"start":{"line":3,"column":14},"end":{"line":3,"column":31}},"3":{"start":{"line":4,"column":20},"end":{"line":4,"column":43}},"4":{"start":{"line":5,"column":14},"end":{"line":5,"column":31}},"5":{"start":{"line":6,"column":18},"end":{"line":6,"column":39}},"6":{"start":{"line":7,"column":19},"end":{"line":7,"column":41}},"7":{"start":{"line":8,"column":14},"end":{"line":8,"column":32}},"8":{"start":{"line":9,"column":17},"end":{"line":9,"column":38}},"9":{"start":{"line":11,"column":15},"end":{"line":11,"column":34}},"10":{"start":{"line":12,"column":15},"end":{"line":12,"column":34}},"11":{"start":{"line":13,"column":17},"end":{"line":13,"column":38}},"12":{"start":{"line":14,"column":30},"end":{"line":14,"column":69}},"13":{"start":{"line":16,"column":0},"end":{"line":16,"column":23}},"14":{"start":{"line":17,"column":0},"end":{"line":17,"column":40}},"15":{"start":{"line":18,"column":0},"end":{"line":18,"column":27}},"16":{"start":{"line":19,"column":0},"end":{"line":19,"column":37}},"17":{"start":{"line":20,"column":0},"end":{"line":20,"column":37}},"18":{"start":{"line":21,"column":0},"end":{"line":21,"column":29}},"19":{"start":{"line":23,"column":0},"end":{"line":23,"column":33}},"20":{"start":{"line":24,"column":0},"end":{"line":24,"column":29}},"21":{"start":{"line":25,"column":0},"end":{"line":25,"column":33}},"22":{"start":{"line":27,"column":0},"end":{"line":27,"column":28}},"23":{"start":{"line":29,"column":0},"end":{"line":29,"column":24}}},"fnMap":{},"branchMap":{},"s":{"0":10,"1":10,"2":10,"3":10,"4":10,"5":10,"6":10,"7":10,"8":10,"9":10,"10":10,"11":10,"12":10,"13":10,"14":10,"15":10,"16":10,"17":10,"18":10,"19":10,"20":10,"21":10,"22":10,"23":10},"f":{},"b":{},"_coverageSchema":"1a1c01bbd47fc00a2c39e90264f33305004495a9","hash":"4e90bac7c2ad6592f201b04a5f3a72cae4b11e3b"}
,"/Users/adibwafi/Documents/Hacktiv8/Phase3/Final Project/Savvie-Server/routes/midtrans.js": {"path":"/Users/adibwafi/Documents/Hacktiv8/Phase3/Final Project/Savvie-Server/routes/midtrans.js","statementMap":{"0":{"start":{"line":1,"column":16},"end":{"line":1,"column":34}},"1":{"start":{"line":2,"column":15},"end":{"line":2,"column":31}},"2":{"start":{"line":3,"column":17},"end":{"line":3,"column":51}},"3":{"start":{"line":4,"column":27},"end":{"line":4,"column":66}},"4":{"start":{"line":6,"column":0},"end":{"line":6,"column":26}},"5":{"start":{"line":7,"column":0},"end":{"line":7,"column":44}},"6":{"start":{"line":9,"column":0},"end":{"line":9,"column":24}}},"fnMap":{},"branchMap":{},"s":{"0":10,"1":10,"2":10,"3":10,"4":10,"5":10,"6":10},"f":{},"b":{},"_coverageSchema":"1a1c01bbd47fc00a2c39e90264f33305004495a9","hash":"00501dabbcf97518cc8e988d128790a7beb84fd6"}
,"/Users/adibwafi/Documents/Hacktiv8/Phase3/Final Project/Savvie-Server/routes/restaurant.js": {"path":"/Users/adibwafi/Documents/Hacktiv8/Phase3/Final Project/Savvie-Server/routes/restaurant.js","statementMap":{"0":{"start":{"line":1,"column":16},"end":{"line":1,"column":34}},"1":{"start":{"line":2,"column":15},"end":{"line":2,"column":31}},"2":{"start":{"line":3,"column":14},"end":{"line":3,"column":45}},"3":{"start":{"line":4,"column":19},"end":{"line":4,"column":55}},"4":{"start":{"line":5,"column":27},"end":{"line":5,"column":66}},"5":{"start":{"line":7,"column":0},"end":{"line":7,"column":42}},"6":{"start":{"line":8,"column":0},"end":{"line":8,"column":56}},"7":{"start":{"line":9,"column":0},"end":{"line":9,"column":49}},"8":{"start":{"line":11,"column":0},"end":{"line":11,"column":24}}},"fnMap":{},"branchMap":{},"s":{"0":10,"1":10,"2":10,"3":10,"4":10,"5":10,"6":10,"7":10,"8":10},"f":{},"b":{},"_coverageSchema":"1a1c01bbd47fc00a2c39e90264f33305004495a9","hash":"00283ceb6df7b8aade28ca5eab82607e77b904c2"}
,"/Users/adibwafi/Documents/Hacktiv8/Phase3/Final Project/Savvie-Server/routes/resto.js": {"path":"/Users/adibwafi/Documents/Hacktiv8/Phase3/Final Project/Savvie-Server/routes/resto.js","statementMap":{"0":{"start":{"line":1,"column":16},"end":{"line":1,"column":34}},"1":{"start":{"line":2,"column":15},"end":{"line":2,"column":31}},"2":{"start":{"line":3,"column":14},"end":{"line":3,"column":45}},"3":{"start":{"line":7,"column":4},"end":{"line":7,"column":43}},"4":{"start":{"line":8,"column":31},"end":{"line":8,"column":69}},"5":{"start":{"line":10,"column":0},"end":{"line":10,"column":68}},"6":{"start":{"line":12,"column":0},"end":{"line":12,"column":32}},"7":{"start":{"line":13,"column":0},"end":{"line":13,"column":36}},"8":{"start":{"line":14,"column":0},"end":{"line":14,"column":49}},"9":{"start":{"line":15,"column":0},"end":{"line":15,"column":57}},"10":{"start":{"line":16,"column":0},"end":{"line":16,"column":62}},"11":{"start":{"line":17,"column":0},"end":{"line":17,"column":36}},"12":{"start":{"line":18,"column":0},"end":{"line":18,"column":65}},"13":{"start":{"line":19,"column":0},"end":{"line":19,"column":60}},"14":{"start":{"line":20,"column":0},"end":{"line":20,"column":76}},"15":{"start":{"line":21,"column":0},"end":{"line":21,"column":76}},"16":{"start":{"line":23,"column":0},"end":{"line":23,"column":47}},"17":{"start":{"line":24,"column":0},"end":{"line":24,"column":49}},"18":{"start":{"line":25,"column":0},"end":{"line":25,"column":54}},"19":{"start":{"line":27,"column":0},"end":{"line":27,"column":37}},"20":{"start":{"line":28,"column":0},"end":{"line":28,"column":49}},"21":{"start":{"line":30,"column":0},"end":{"line":30,"column":24}}},"fnMap":{},"branchMap":{},"s":{"0":10,"1":10,"2":10,"3":10,"4":10,"5":10,"6":10,"7":10,"8":10,"9":10,"10":10,"11":10,"12":10,"13":10,"14":10,"15":10,"16":10,"17":10,"18":10,"19":10,"20":10,"21":10},"f":{},"b":{},"_coverageSchema":"1a1c01bbd47fc00a2c39e90264f33305004495a9","hash":"af752aba3f594ee6a8ee22a143e790c49a0058d0"}
,"/Users/adibwafi/Documents/Hacktiv8/Phase3/Final Project/Savvie-Server/routes/search.js": {"path":"/Users/adibwafi/Documents/Hacktiv8/Phase3/Final Project/Savvie-Server/routes/search.js","statementMap":{"0":{"start":{"line":1,"column":16},"end":{"line":1,"column":34}},"1":{"start":{"line":2,"column":15},"end":{"line":2,"column":31}},"2":{"start":{"line":3,"column":19},"end":{"line":3,"column":51}},"3":{"start":{"line":5,"column":0},"end":{"line":5,"column":35}},"4":{"start":{"line":7,"column":0},"end":{"line":7,"column":24}}},"fnMap":{},"branchMap":{},"s":{"0":10,"1":10,"2":10,"3":10,"4":10},"f":{},"b":{},"_coverageSchema":"1a1c01bbd47fc00a2c39e90264f33305004495a9","hash":"b4b2359b15a928e0b32b8d7b4b182c4650b5878b"}
,"/Users/adibwafi/Documents/Hacktiv8/Phase3/Final Project/Savvie-Server/routes/user.js": {"path":"/Users/adibwafi/Documents/Hacktiv8/Phase3/Final Project/Savvie-Server/routes/user.js","statementMap":{"0":{"start":{"line":1,"column":16},"end":{"line":1,"column":34}},"1":{"start":{"line":2,"column":15},"end":{"line":2,"column":31}},"2":{"start":{"line":3,"column":13},"end":{"line":3,"column":43}},"3":{"start":{"line":4,"column":27},"end":{"line":4,"column":66}},"4":{"start":{"line":6,"column":0},"end":{"line":6,"column":39}},"5":{"start":{"line":8,"column":0},"end":{"line":8,"column":40}},"6":{"start":{"line":10,"column":0},"end":{"line":10,"column":48}},"7":{"start":{"line":11,"column":0},"end":{"line":11,"column":46}},"8":{"start":{"line":13,"column":0},"end":{"line":13,"column":24}}},"fnMap":{},"branchMap":{},"s":{"0":10,"1":10,"2":10,"3":10,"4":10,"5":10,"6":10,"7":10,"8":10},"f":{},"b":{},"_coverageSchema":"1a1c01bbd47fc00a2c39e90264f33305004495a9","hash":"017cca79d3d57f042c05ca597a646240d3333ca5"}
,"/Users/adibwafi/Documents/Hacktiv8/Phase3/Final Project/Savvie-Server/routes/xendit.js": {"path":"/Users/adibwafi/Documents/Hacktiv8/Phase3/Final Project/Savvie-Server/routes/xendit.js","statementMap":{"0":{"start":{"line":1,"column":16},"end":{"line":1,"column":34}},"1":{"start":{"line":2,"column":15},"end":{"line":2,"column":31}},"2":{"start":{"line":3,"column":15},"end":{"line":3,"column":47}},"3":{"start":{"line":4,"column":27},"end":{"line":4,"column":66}},"4":{"start":{"line":6,"column":0},"end":{"line":6,"column":40}},"5":{"start":{"line":7,"column":0},"end":{"line":7,"column":27}},"6":{"start":{"line":8,"column":0},"end":{"line":8,"column":36}},"7":{"start":{"line":10,"column":0},"end":{"line":10,"column":24}}},"fnMap":{},"branchMap":{},"s":{"0":10,"1":10,"2":10,"3":10,"4":10,"5":10,"6":10,"7":10},"f":{},"b":{},"_coverageSchema":"1a1c01bbd47fc00a2c39e90264f33305004495a9","hash":"511bc5253a487f5a344fef044ac6e3e68a69d52a"}
}
