TN:
SF:app.js
FN:24,(anonymous_0)
FN:27,(anonymous_1)
FN:33,(anonymous_2)
FNF:3
FNH:3
FNDA:2,(anonymous_0)
FNDA:3,(anonymous_1)
FNDA:1,(anonymous_2)
DA:1,10
DA:2,10
DA:3,10
DA:4,10
DA:5,10
DA:6,10
DA:7,10
DA:8,10
DA:9,10
DA:10,10
DA:11,10
DA:18,10
DA:19,10
DA:20,10
DA:24,10
DA:25,2
DA:27,2
DA:28,3
DA:29,3
DA:30,3
DA:33,2
DA:34,1
DA:35,1
DA:39,10
DA:40,10
DA:42,10
LF:26
LH:26
BRDA:1,0,0,10
BRDA:1,0,1,0
BRDA:10,1,0,10
BRDA:10,1,1,10
BRF:4
BRH:3
end_of_record
TN:
SF:api/xendit.js
FN:10,(anonymous_0)
FNF:1
FNH:1
FNDA:1,(anonymous_0)
DA:1,10
DA:2,10
DA:7,10
DA:8,10
DA:11,1
DA:24,10
LF:6
LH:6
BRF:0
BRH:0
end_of_record
TN:
SF:controllers/category.js
FN:4,(anonymous_0)
FN:16,(anonymous_1)
FNF:2
FNH:2
FNDA:1,(anonymous_0)
FNDA:2,(anonymous_1)
DA:1,10
DA:5,1
DA:6,1
DA:10,1
DA:12,0
DA:17,2
DA:18,2
DA:19,2
DA:24,2
DA:26,1
DA:28,1
DA:33,10
LF:12
LH:11
BRDA:24,0,0,1
BRDA:24,0,1,1
BRF:2
BRH:2
end_of_record
TN:
SF:controllers/checkout.js
FN:11,(anonymous_0)
FN:40,(anonymous_1)
FN:63,(anonymous_2)
FN:81,(anonymous_3)
FNF:4
FNH:4
FNDA:2,(anonymous_0)
FNDA:4,(anonymous_1)
FNDA:2,(anonymous_2)
FNDA:1,(anonymous_3)
DA:8,10
DA:12,2
DA:13,2
DA:16,2
DA:17,2
DA:18,0
DA:29,2
DA:40,2
DA:41,4
DA:49,2
DA:50,2
DA:54,2
DA:55,1
DA:59,1
DA:60,2
DA:61,2
DA:63,1
DA:64,2
DA:68,2
DA:74,1
DA:75,1
DA:77,1
DA:78,1
DA:82,1
DA:83,1
DA:92,1
DA:94,0
DA:98,10
LF:28
LH:26
BRDA:17,0,0,0
BRDA:17,0,1,2
BRDA:54,1,0,1
BRDA:54,1,1,1
BRDA:61,2,0,0
BRDA:61,2,1,2
BRF:6
BRH:4
end_of_record
TN:
SF:controllers/favourite.js
FN:4,(anonymous_0)
FN:20,(anonymous_1)
FN:36,(anonymous_2)
FNF:3
FNH:3
FNDA:1,(anonymous_0)
FNDA:1,(anonymous_1)
FNDA:1,(anonymous_2)
DA:1,10
DA:5,1
DA:6,1
DA:14,1
DA:16,0
DA:21,1
DA:22,1
DA:23,1
DA:24,1
DA:28,1
DA:32,0
DA:37,1
DA:38,1
DA:39,1
DA:45,1
DA:49,0
DA:54,10
LF:17
LH:14
BRF:0
BRH:0
end_of_record
TN:
SF:controllers/food.js
FN:4,(anonymous_0)
FN:21,(anonymous_1)
FNF:2
FNH:2
FNDA:1,(anonymous_0)
FNDA:2,(anonymous_1)
DA:1,10
DA:5,1
DA:6,1
DA:15,1
DA:17,0
DA:22,2
DA:23,2
DA:24,2
DA:29,2
DA:31,1
DA:33,1
DA:38,10
LF:12
LH:11
BRDA:29,0,0,1
BRDA:29,0,1,1
BRF:2
BRH:2
end_of_record
TN:
SF:controllers/midtrans.js
FN:5,(anonymous_0)
FN:31,(anonymous_1)
FN:36,(anonymous_2)
FNF:3
FNH:2
FNDA:1,(anonymous_0)
FNDA:1,(anonymous_1)
FNDA:0,(anonymous_2)
DA:1,10
DA:2,10
DA:8,1
DA:14,1
DA:16,1
DA:29,1
DA:33,1
DA:34,1
DA:37,0
DA:42,10
LF:10
LH:9
BRF:0
BRH:0
end_of_record
TN:
SF:controllers/restaurant.js
FN:10,(anonymous_0)
FN:26,(anonymous_1)
FN:46,(anonymous_2)
FNF:3
FNH:3
FNDA:1,(anonymous_0)
FNDA:2,(anonymous_1)
FNDA:1,(anonymous_2)
DA:7,10
DA:11,1
DA:12,1
DA:20,1
DA:22,0
DA:27,2
DA:28,2
DA:29,2
DA:38,2
DA:40,1
DA:42,1
DA:47,1
DA:48,1
DA:49,1
DA:50,1
DA:51,1
DA:76,1
DA:78,0
DA:79,0
DA:84,10
LF:20
LH:17
BRDA:38,0,0,1
BRDA:38,0,1,1
BRDA:48,1,0,1
BRDA:48,1,1,1
BRDA:49,2,0,1
BRDA:49,2,1,1
BRDA:50,3,0,1
BRDA:50,3,1,1
BRF:8
BRH:8
end_of_record
TN:
SF:controllers/resto.js
FN:12,(anonymous_0)
FN:25,(anonymous_1)
FN:54,(anonymous_2)
FN:77,formatDate
FN:99,(anonymous_4)
FN:100,(anonymous_5)
FN:109,(anonymous_6)
FN:118,(anonymous_7)
FN:138,(anonymous_8)
FN:147,(anonymous_9)
FN:177,(anonymous_10)
FN:189,(anonymous_11)
FN:224,(anonymous_12)
FN:235,(anonymous_13)
FN:247,(anonymous_14)
FN:255,(anonymous_15)
FN:300,(anonymous_16)
FN:340,(anonymous_17)
FN:351,(anonymous_18)
FN:377,(anonymous_19)
FN:399,(anonymous_20)
FN:401,(anonymous_21)
FNF:22
FNH:21
FNDA:1,(anonymous_0)
FNDA:1,(anonymous_1)
FNDA:1,(anonymous_2)
FNDA:0,formatDate
FNDA:13,(anonymous_4)
FNDA:14,(anonymous_5)
FNDA:14,(anonymous_6)
FNDA:81,(anonymous_7)
FNDA:1,(anonymous_8)
FNDA:8,(anonymous_9)
FNDA:1,(anonymous_10)
FNDA:1,(anonymous_11)
FNDA:1,(anonymous_12)
FNDA:1,(anonymous_13)
FNDA:1,(anonymous_14)
FNDA:9,(anonymous_15)
FNDA:1,(anonymous_16)
FNDA:1,(anonymous_17)
FNDA:1,(anonymous_18)
FNDA:1,(anonymous_19)
FNDA:13,(anonymous_20)
FNDA:53,(anonymous_21)
DA:1,10
DA:9,10
DA:13,1
DA:14,1
DA:20,1
DA:22,0
DA:26,1
DA:27,1
DA:28,1
DA:49,1
DA:51,0
DA:55,1
DA:56,1
DA:57,1
DA:78,0
DA:79,0
DA:80,0
DA:81,0
DA:83,0
DA:84,0
DA:86,0
DA:87,0
DA:89,1
DA:90,1
DA:91,9
DA:92,9
DA:93,9
DA:95,1
DA:96,1
DA:97,1
DA:98,1
DA:99,1
DA:100,13
DA:101,14
DA:102,14
DA:109,1
DA:110,14
DA:111,9
DA:113,5
DA:116,1
DA:117,1
DA:118,9
DA:119,81
DA:120,81
DA:122,9
DA:124,9
DA:126,0
DA:127,0
DA:132,1
DA:133,1
DA:135,0
DA:139,1
DA:140,1
DA:142,1
DA:144,0
DA:148,8
DA:157,8
DA:158,8
DA:172,1
DA:174,7
DA:178,1
DA:179,1
DA:181,1
DA:182,1
DA:186,0
DA:190,1
DA:191,1
DA:202,1
DA:203,1
DA:217,1
DA:221,0
DA:225,1
DA:226,1
DA:228,1
DA:229,1
DA:230,1
DA:232,0
DA:236,1
DA:237,1
DA:239,1
DA:240,1
DA:241,1
DA:243,0
DA:248,1
DA:249,1
DA:250,1
DA:252,0
DA:256,9
DA:257,9
DA:268,9
DA:269,9
DA:292,1
DA:297,8
DA:301,1
DA:315,1
DA:316,1
DA:333,1
DA:337,0
DA:341,1
DA:342,1
DA:343,1
DA:347,0
DA:352,1
DA:353,1
DA:372,1
DA:374,0
DA:378,1
DA:379,1
DA:398,1
DA:399,1
DA:400,13
DA:401,13
DA:402,53
DA:406,1
DA:407,1
DA:409,0
DA:413,10
LF:117
LH:94
BRDA:80,0,0,0
BRDA:80,0,1,0
BRDA:83,1,0,0
BRDA:83,1,1,0
BRDA:110,2,0,9
BRDA:110,2,1,5
BRDA:120,3,0,9
BRDA:120,3,1,72
BRDA:122,4,0,9
BRDA:122,4,1,0
BRDA:154,5,0,0
BRDA:400,6,0,13
BRDA:400,6,1,0
BRF:13
BRH:6
end_of_record
TN:
SF:controllers/search.js
FN:5,(anonymous_0)
FN:32,(anonymous_1)
FNF:2
FNH:2
FNDA:1,(anonymous_0)
FNDA:38,(anonymous_1)
DA:1,10
DA:2,10
DA:6,1
DA:7,1
DA:8,1
DA:9,1
DA:10,0
DA:12,1
DA:18,1
DA:25,1
DA:26,0
DA:30,1
DA:31,1
DA:32,1
DA:33,38
DA:34,38
DA:35,38
DA:37,1
DA:39,0
DA:44,10
LF:20
LH:17
BRDA:9,0,0,0
BRDA:9,0,1,1
BRDA:25,1,0,0
BRDA:25,1,1,1
BRF:4
BRH:2
end_of_record
TN:
SF:controllers/user.js
FN:7,(anonymous_0)
FN:18,(anonymous_1)
FN:53,(anonymous_2)
FN:76,(anonymous_3)
FNF:4
FNH:4
FNDA:1,(anonymous_0)
FNDA:7,(anonymous_1)
FNDA:1,(anonymous_2)
FNDA:9,(anonymous_3)
DA:1,10
DA:2,10
DA:3,10
DA:4,10
DA:8,1
DA:9,1
DA:12,1
DA:14,0
DA:19,7
DA:28,7
DA:29,7
DA:40,1
DA:45,1
DA:50,6
DA:54,1
DA:58,1
DA:59,1
DA:67,1
DA:72,0
DA:77,9
DA:78,9
DA:79,9
DA:80,1
DA:82,8
DA:83,1
DA:85,7
DA:89,7
DA:90,1
DA:92,6
DA:93,6
DA:94,1
DA:96,5
DA:100,5
DA:101,1
DA:109,4
DA:119,4
DA:207,10
LF:37
LH:35
BRDA:26,0,0,5
BRDA:27,1,0,5
BRDA:79,2,0,1
BRDA:79,2,1,8
BRDA:82,3,0,1
BRDA:82,3,1,7
BRDA:89,4,0,1
BRDA:89,4,1,6
BRDA:93,5,0,1
BRDA:93,5,1,5
BRDA:100,6,0,1
BRDA:100,6,1,4
BRF:12
BRH:12
end_of_record
TN:
SF:controllers/xendit.js
FN:5,(anonymous_0)
FN:30,(anonymous_1)
FNF:2
FNH:2
FNDA:1,(anonymous_0)
FNDA:1,(anonymous_1)
DA:1,10
DA:2,10
DA:6,1
DA:7,1
DA:8,1
DA:9,1
DA:10,1
DA:13,1
DA:18,1
DA:19,1
DA:26,0
DA:27,0
DA:31,1
DA:32,1
DA:33,1
DA:34,1
DA:39,1
DA:49,1
DA:52,0
DA:57,10
LF:20
LH:17
BRDA:33,0,0,1
BRDA:33,0,1,0
BRF:2
BRH:1
end_of_record
TN:
SF:helpers/bcrypt.js
FN:3,(anonymous_0)
FN:4,(anonymous_1)
FNF:2
FNH:2
FNDA:2,(anonymous_0)
FNDA:6,(anonymous_1)
DA:1,10
DA:3,10
DA:4,10
DA:6,10
LF:4
LH:4
BRF:0
BRH:0
end_of_record
TN:
SF:helpers/jwt.js
FN:4,(anonymous_0)
FN:5,(anonymous_1)
FNF:2
FNH:2
FNDA:5,(anonymous_0)
FNDA:75,(anonymous_1)
DA:1,10
DA:2,10
DA:4,10
DA:5,75
DA:7,10
LF:5
LH:5
BRF:0
BRH:0
end_of_record
TN:
SF:middleware/authentication.js
FN:4,(anonymous_0)
FN:24,(anonymous_1)
FNF:2
FNH:2
FNDA:30,(anonymous_0)
FNDA:45,(anonymous_1)
DA:1,10
DA:2,10
DA:4,10
DA:5,30
DA:6,30
DA:7,30
DA:8,0
DA:10,30
DA:11,20
DA:12,20
DA:14,20
DA:18,20
DA:20,10
DA:24,10
DA:25,45
DA:26,45
DA:27,45
DA:28,0
DA:30,45
DA:31,31
DA:34,31
DA:36,31
DA:41,31
DA:43,14
DA:48,10
LF:25
LH:23
BRDA:7,0,0,0
BRDA:7,0,1,30
BRDA:12,1,0,0
BRDA:12,1,1,20
BRDA:27,2,0,0
BRDA:27,2,1,45
BRDA:34,3,0,0
BRDA:34,3,1,31
BRF:8
BRH:4
end_of_record
TN:
SF:middleware/authorization.js
FN:3,(anonymous_0)
FN:20,(anonymous_1)
FNF:2
FNH:2
FNDA:2,(anonymous_0)
FNDA:15,(anonymous_1)
DA:1,10
DA:3,10
DA:4,2
DA:5,2
DA:6,2
DA:7,2
DA:8,2
DA:10,1
DA:11,1
DA:13,0
DA:16,1
DA:20,10
DA:21,15
DA:22,15
DA:23,15
DA:24,15
DA:25,15
DA:27,10
DA:28,5
DA:30,5
DA:33,10
DA:37,10
LF:22
LH:21
BRDA:8,0,0,1
BRDA:8,0,1,1
BRDA:10,1,0,1
BRDA:10,1,1,0
BRDA:25,2,0,5
BRDA:25,2,1,10
BRDA:27,3,0,5
BRDA:27,3,1,5
BRF:8
BRH:7
end_of_record
TN:
SF:middleware/errorHandler.js
FN:1,(anonymous_0)
FNF:1
FNH:1
FNDA:64,(anonymous_0)
DA:1,10
DA:2,64
DA:3,64
DA:4,64
DA:6,64
DA:10,20
DA:11,20
DA:18,44
DA:19,24
DA:20,24
DA:21,20
DA:22,2
DA:23,2
DA:24,18
DA:25,1
DA:26,1
DA:27,17
DA:28,1
DA:29,1
DA:30,16
DA:31,5
DA:32,5
DA:33,11
DA:34,9
DA:35,9
DA:36,2
DA:37,1
DA:38,1
DA:43,64
DA:48,10
LF:30
LH:30
BRDA:6,0,0,20
BRDA:6,0,1,44
BRDA:7,1,0,64
BRDA:7,1,1,45
BRDA:18,2,0,24
BRDA:18,2,1,20
BRDA:21,3,0,2
BRDA:21,3,1,18
BRDA:24,4,0,1
BRDA:24,4,1,17
BRDA:27,5,0,1
BRDA:27,5,1,16
BRDA:30,6,0,5
BRDA:30,6,1,11
BRDA:33,7,0,9
BRDA:33,7,1,2
BRDA:36,8,0,1
BRDA:36,8,1,1
BRF:18
BRH:18
end_of_record
TN:
SF:models/balance.js
FN:5,(anonymous_0)
FN:12,(anonymous_1)
FNF:2
FNH:2
FNDA:10,(anonymous_0)
FNDA:10,(anonymous_1)
DA:4,10
DA:5,10
DA:14,10
DA:17,10
DA:24,10
LF:5
LH:5
BRF:0
BRH:0
end_of_record
TN:
SF:models/basket.js
FN:3,(anonymous_0)
FN:5,(anonymous_1)
FNF:2
FNH:2
FNDA:10,(anonymous_0)
FNDA:10,(anonymous_1)
DA:2,10
DA:3,10
DA:6,10
DA:7,10
DA:10,10
DA:36,10
LF:6
LH:6
BRF:0
BRH:0
end_of_record
TN:
SF:models/category.js
FN:3,(anonymous_0)
FN:5,(anonymous_1)
FNF:2
FNH:2
FNDA:10,(anonymous_0)
FNDA:10,(anonymous_1)
DA:2,10
DA:3,10
DA:6,10
DA:7,10
DA:10,10
DA:42,10
LF:6
LH:6
BRF:0
BRH:0
end_of_record
TN:
SF:models/categoryresto.js
FN:3,(anonymous_0)
FN:5,(anonymous_1)
FNF:2
FNH:2
FNDA:10,(anonymous_0)
FNDA:10,(anonymous_1)
DA:2,10
DA:3,10
DA:6,10
DA:9,10
DA:25,10
LF:5
LH:5
BRF:0
BRH:0
end_of_record
TN:
SF:models/favourite.js
FN:3,(anonymous_0)
FN:5,(anonymous_1)
FNF:2
FNH:2
FNDA:10,(anonymous_0)
FNDA:10,(anonymous_1)
DA:2,10
DA:3,10
DA:6,10
DA:7,10
DA:10,10
DA:26,10
LF:6
LH:6
BRF:0
BRH:0
end_of_record
TN:
SF:models/food.js
FN:3,(anonymous_0)
FN:5,(anonymous_1)
FN:145,(anonymous_2)
FNF:3
FNH:3
FNDA:10,(anonymous_0)
FNDA:10,(anonymous_1)
FNDA:1,(anonymous_2)
DA:2,10
DA:3,10
DA:6,10
DA:7,10
DA:8,10
DA:9,10
DA:10,10
DA:13,10
DA:145,10
DA:146,1
DA:148,10
LF:11
LH:11
BRF:0
BRH:0
end_of_record
TN:
SF:models/index.js
FN:20,(anonymous_0)
FN:23,(anonymous_1)
FN:28,(anonymous_2)
FNF:3
FNH:3
FNDA:110,(anonymous_0)
FNDA:100,(anonymous_1)
FNDA:100,(anonymous_2)
DA:3,10
DA:4,10
DA:5,10
DA:6,10
DA:7,10
DA:8,10
DA:9,10
DA:12,10
DA:13,0
DA:15,10
DA:18,10
DA:21,110
DA:24,100
DA:25,100
DA:28,10
DA:29,100
DA:30,100
DA:34,10
DA:35,10
DA:37,10
LF:20
LH:19
BRDA:7,0,0,10
BRDA:7,0,1,0
BRDA:12,1,0,0
BRDA:12,1,1,10
BRDA:21,2,0,110
BRDA:21,2,1,110
BRDA:21,2,2,100
BRDA:29,3,0,100
BRDA:29,3,1,0
BRF:9
BRH:6
end_of_record
TN:
SF:models/orderitem.js
FN:3,(anonymous_0)
FN:10,(anonymous_1)
FNF:2
FNH:2
FNDA:10,(anonymous_0)
FNDA:10,(anonymous_1)
DA:2,10
DA:3,10
DA:12,10
DA:13,10
DA:16,10
DA:60,10
LF:6
LH:6
BRF:0
BRH:0
end_of_record
TN:
SF:models/payment.js
FN:3,(anonymous_0)
FN:10,(anonymous_1)
FNF:2
FNH:2
FNDA:10,(anonymous_0)
FNDA:10,(anonymous_1)
DA:2,10
DA:3,10
DA:12,10
DA:13,10
DA:16,10
DA:76,10
LF:6
LH:6
BRF:0
BRH:0
end_of_record
TN:
SF:models/restaurant.js
FN:3,(anonymous_0)
FN:5,(anonymous_1)
FNF:2
FNH:2
FNDA:10,(anonymous_0)
FNDA:10,(anonymous_1)
DA:2,10
DA:3,10
DA:6,10
DA:7,10
DA:8,10
DA:11,10
DA:191,10
LF:7
LH:7
BRF:0
BRH:0
end_of_record
TN:
SF:models/user.js
FN:5,(anonymous_0)
FN:7,(anonymous_1)
FN:118,(anonymous_2)
FNF:3
FNH:3
FNDA:10,(anonymous_0)
FNDA:10,(anonymous_1)
FNDA:2,(anonymous_2)
DA:2,10
DA:3,10
DA:4,10
DA:5,10
DA:8,10
DA:9,10
DA:10,10
DA:11,10
DA:12,10
DA:15,10
DA:118,10
DA:119,2
DA:120,2
DA:122,10
LF:14
LH:14
BRF:0
BRH:0
end_of_record
TN:
SF:routes/category.js
FNF:0
FNH:0
DA:1,10
DA:2,10
DA:3,10
DA:5,10
DA:6,10
DA:8,10
LF:6
LH:6
BRF:0
BRH:0
end_of_record
TN:
SF:routes/checkout.js
FNF:0
FNH:0
DA:1,10
DA:2,10
DA:3,10
DA:4,10
DA:6,10
DA:7,10
DA:8,10
DA:10,10
LF:8
LH:8
BRF:0
BRH:0
end_of_record
TN:
SF:routes/favourite.js
FNF:0
FNH:0
DA:1,10
DA:2,10
DA:3,10
DA:4,10
DA:5,10
DA:7,10
DA:8,10
DA:9,10
DA:10,10
DA:12,10
LF:10
LH:10
BRF:0
BRH:0
end_of_record
TN:
SF:routes/food.js
FNF:0
FNH:0
DA:1,10
DA:2,10
DA:3,10
DA:5,10
DA:6,10
DA:8,10
LF:6
LH:6
BRF:0
BRH:0
end_of_record
TN:
SF:routes/index.js
FNF:0
FNH:0
DA:1,10
DA:2,10
DA:3,10
DA:4,10
DA:5,10
DA:6,10
DA:7,10
DA:8,10
DA:9,10
DA:11,10
DA:12,10
DA:13,10
DA:14,10
DA:16,10
DA:17,10
DA:18,10
DA:19,10
DA:20,10
DA:21,10
DA:23,10
DA:24,10
DA:25,10
DA:27,10
DA:29,10
LF:24
LH:24
BRF:0
BRH:0
end_of_record
TN:
SF:routes/midtrans.js
FNF:0
FNH:0
DA:1,10
DA:2,10
DA:3,10
DA:4,10
DA:6,10
DA:7,10
DA:9,10
LF:7
LH:7
BRF:0
BRH:0
end_of_record
TN:
SF:routes/restaurant.js
FNF:0
FNH:0
DA:1,10
DA:2,10
DA:3,10
DA:4,10
DA:5,10
DA:7,10
DA:8,10
DA:9,10
DA:11,10
LF:9
LH:9
BRF:0
BRH:0
end_of_record
TN:
SF:routes/resto.js
FNF:0
FNH:0
DA:1,10
DA:2,10
DA:3,10
DA:7,10
DA:8,10
DA:10,10
DA:12,10
DA:13,10
DA:14,10
DA:15,10
DA:16,10
DA:17,10
DA:18,10
DA:19,10
DA:20,10
DA:21,10
DA:23,10
DA:24,10
DA:25,10
DA:27,10
DA:28,10
DA:30,10
LF:22
LH:22
BRF:0
BRH:0
end_of_record
TN:
SF:routes/search.js
FNF:0
FNH:0
DA:1,10
DA:2,10
DA:3,10
DA:5,10
DA:7,10
LF:5
LH:5
BRF:0
BRH:0
end_of_record
TN:
SF:routes/user.js
FNF:0
FNH:0
DA:1,10
DA:2,10
DA:3,10
DA:4,10
DA:6,10
DA:8,10
DA:10,10
DA:11,10
DA:13,10
LF:9
LH:9
BRF:0
BRH:0
end_of_record
TN:
SF:routes/xendit.js
FNF:0
FNH:0
DA:1,10
DA:2,10
DA:3,10
DA:4,10
DA:6,10
DA:7,10
DA:8,10
DA:10,10
LF:8
LH:8
BRF:0
BRH:0
end_of_record
